<?xml version="1.0" encoding="UTF-8"?>
<testsuite xmlns:xsi="http://www.w3.org/2001/XMLSchema-instance" xsi:noNamespaceSchemaLocation="https://maven.apache.org/surefire/maven-surefire-plugin/xsd/surefire-test-report-3.0.xsd" version="3.0" name="petstore.PetStoreTest" time="11.104" tests="4" errors="0" skipped="0" failures="0">
  <properties>
[...]
</properties>
  <testcase name="[1:51] POST /pet - Create new pet with complete data structure" classname="petstore/petstore-tests" time="3.18">
    <system-out><![CDATA[22:14:07.100 [main] DEBUG com.intuit.karate.Suite -- [config] classpath:karate-config.js
22:14:08.940 [main] INFO com.intuit.karate -- Running tests against PetStore Demo API in environment: demo 
22:14:09.376 [main] DEBUG io.netty.util.internal.logging.InternalLoggerFactory -- Using SLF4J as the default logging framework
22:14:09.376 [main] DEBUG io.netty.util.internal.PlatformDependent0 -- -Dio.netty.noUnsafe: false
22:14:09.376 [main] DEBUG io.netty.util.internal.PlatformDependent0 -- Java version: 11
22:14:09.376 [main] DEBUG io.netty.util.internal.PlatformDependent0 -- sun.misc.Unsafe.theUnsafe: available
22:14:09.376 [main] DEBUG io.netty.util.internal.PlatformDependent0 -- sun.misc.Unsafe.copyMemory: available
22:14:09.376 [main] DEBUG io.netty.util.internal.PlatformDependent0 -- sun.misc.Unsafe.storeFence: available
22:14:09.376 [main] DEBUG io.netty.util.internal.PlatformDependent0 -- java.nio.Buffer.address: available
22:14:09.376 [main] DEBUG io.netty.util.internal.PlatformDependent0 -- direct buffer constructor: unavailable: Reflective setAccessible(true) disabled
22:14:09.376 [main] DEBUG io.netty.util.internal.PlatformDependent0 -- java.nio.Bits.unaligned: available, true
22:14:09.376 [main] DEBUG io.netty.util.internal.PlatformDependent0 -- jdk.internal.misc.Unsafe.allocateUninitializedArray(int): unavailable: class io.netty.util.internal.PlatformDependent0$7 cannot access class jdk.internal.misc.Unsafe (in module java.base) because module java.base does not export jdk.internal.misc to unnamed module @b978d10
22:14:09.376 [main] DEBUG io.netty.util.internal.PlatformDependent0 -- java.nio.DirectByteBuffer.<init>(long, {int,long}): unavailable
22:14:09.376 [main] DEBUG io.netty.util.internal.PlatformDependent -- sun.misc.Unsafe: available
22:14:09.393 [main] DEBUG io.netty.util.internal.PlatformDependent -- maxDirectMemory: 8040480768 bytes (maybe)
22:14:09.393 [main] DEBUG io.netty.util.internal.PlatformDependent -- -Dio.netty.tmpdir: C:\Users\ARIEL~1.MOR\AppData\Local\Temp (java.io.tmpdir)
22:14:09.393 [main] DEBUG io.netty.util.internal.PlatformDependent -- -Dio.netty.bitMode: 64 (sun.arch.data.model)
22:14:09.393 [main] DEBUG io.netty.util.internal.PlatformDependent -- Platform: Windows
22:14:09.393 [main] DEBUG io.netty.util.internal.PlatformDependent -- -Dio.netty.maxDirectMemory: -1 bytes
22:14:09.393 [main] DEBUG io.netty.util.internal.PlatformDependent -- -Dio.netty.uninitializedArrayAllocationThreshold: -1
22:14:09.393 [main] DEBUG io.netty.util.internal.CleanerJava9 -- java.nio.ByteBuffer.cleaner(): available
22:14:09.393 [main] DEBUG io.netty.util.internal.PlatformDependent -- -Dio.netty.noPreferDirect: false
22:14:09.674 [main] DEBUG org.apache.http.client.protocol.RequestAddCookies -- CookieSpec selected: karate
22:14:09.682 [main] DEBUG org.apache.http.client.protocol.RequestAuthCache -- Auth cache not set in the context
22:14:09.682 [main] DEBUG com.intuit.karate -- request:
1 > POST https://petstore.swagger.io/v2/pet
1 > Content-Type: application/json; charset=UTF-8
1 > Content-Length: 225
1 > Host: petstore.swagger.io
1 > Connection: Keep-Alive
1 > User-Agent: Apache-HttpClient/4.5.14 (Java/11.0.28)
1 > Accept-Encoding: gzip,deflate
{"id":849286,"category":{"id":1,"name":"Automation Test Category"},"name":"API Test Pet - 849286","photoUrls":["https:\/\/example.com\/photos\/pet-849286.jpg"],"tags":[{"id":100,"name":"automated-test"}],"status":"available"}

22:14:09.682 [main] DEBUG org.apache.http.impl.conn.PoolingHttpClientConnectionManager -- Connection request: [route: {s}->https://petstore.swagger.io:443][total available: 0; route allocated: 0 of 5; total allocated: 0 of 10]
22:14:09.697 [main] DEBUG org.apache.http.impl.conn.PoolingHttpClientConnectionManager -- Connection leased: [id: 0][route: {s}->https://petstore.swagger.io:443][total available: 0; route allocated: 1 of 5; total allocated: 1 of 10]
22:14:09.697 [main] DEBUG org.apache.http.impl.execchain.MainClientExec -- Opening connection {s}->https://petstore.swagger.io:443
22:14:09.724 [main] DEBUG org.apache.http.impl.conn.DefaultHttpClientConnectionOperator -- Connecting to petstore.swagger.io/44.212.192.106:443
22:14:09.724 [main] DEBUG org.apache.http.conn.ssl.LenientSslConnectionSocketFactory -- Connecting socket to petstore.swagger.io/44.212.192.106:443 with timeout 10000
22:14:09.851 [main] DEBUG org.apache.http.conn.ssl.LenientSslConnectionSocketFactory -- Enabled protocols: [TLSv1.3, TLSv1.2]
22:14:09.851 [main] DEBUG org.apache.http.conn.ssl.LenientSslConnectionSocketFactory -- Enabled cipher suites:[TLS_AES_256_GCM_SHA384, TLS_AES_128_GCM_SHA256, TLS_CHACHA20_POLY1305_SHA256, TLS_ECDHE_ECDSA_WITH_AES_256_GCM_SHA384, TLS_ECDHE_ECDSA_WITH_AES_128_GCM_SHA256, TLS_ECDHE_ECDSA_WITH_CHACHA20_POLY1305_SHA256, TLS_ECDHE_RSA_WITH_AES_256_GCM_SHA384, TLS_ECDHE_RSA_WITH_CHACHA20_POLY1305_SHA256, TLS_ECDHE_RSA_WITH_AES_128_GCM_SHA256, TLS_DHE_RSA_WITH_AES_256_GCM_SHA384, TLS_DHE_RSA_WITH_CHACHA20_POLY1305_SHA256, TLS_DHE_DSS_WITH_AES_256_GCM_SHA384, TLS_DHE_RSA_WITH_AES_128_GCM_SHA256, TLS_DHE_DSS_WITH_AES_128_GCM_SHA256, TLS_ECDHE_ECDSA_WITH_AES_256_CBC_SHA384, TLS_ECDHE_RSA_WITH_AES_256_CBC_SHA384, TLS_ECDHE_ECDSA_WITH_AES_128_CBC_SHA256, TLS_ECDHE_RSA_WITH_AES_128_CBC_SHA256, TLS_DHE_RSA_WITH_AES_256_CBC_SHA256, TLS_DHE_DSS_WITH_AES_256_CBC_SHA256, TLS_DHE_RSA_WITH_AES_128_CBC_SHA256, TLS_DHE_DSS_WITH_AES_128_CBC_SHA256, TLS_ECDHE_ECDSA_WITH_AES_256_CBC_SHA, TLS_ECDHE_RSA_WITH_AES_256_CBC_SHA, TLS_ECDHE_ECDSA_WITH_AES_128_CBC_SHA, TLS_ECDHE_RSA_WITH_AES_128_CBC_SHA, TLS_DHE_RSA_WITH_AES_256_CBC_SHA, TLS_DHE_DSS_WITH_AES_256_CBC_SHA, TLS_DHE_RSA_WITH_AES_128_CBC_SHA, TLS_DHE_DSS_WITH_AES_128_CBC_SHA, TLS_RSA_WITH_AES_256_GCM_SHA384, TLS_RSA_WITH_AES_128_GCM_SHA256, TLS_RSA_WITH_AES_256_CBC_SHA256, TLS_RSA_WITH_AES_128_CBC_SHA256, TLS_RSA_WITH_AES_256_CBC_SHA, TLS_RSA_WITH_AES_128_CBC_SHA, TLS_EMPTY_RENEGOTIATION_INFO_SCSV]
22:14:09.852 [main] DEBUG org.apache.http.conn.ssl.LenientSslConnectionSocketFactory -- Starting handshake
22:14:10.155 [main] DEBUG org.apache.http.conn.ssl.LenientSslConnectionSocketFactory -- Secure session established
22:14:10.155 [main] DEBUG org.apache.http.conn.ssl.LenientSslConnectionSocketFactory --  negotiated protocol: TLSv1.2
22:14:10.155 [main] DEBUG org.apache.http.conn.ssl.LenientSslConnectionSocketFactory --  negotiated cipher suite: TLS_ECDHE_RSA_WITH_AES_128_GCM_SHA256
22:14:10.155 [main] DEBUG org.apache.http.conn.ssl.LenientSslConnectionSocketFactory --  peer principal: CN=*.swagger.io
22:14:10.171 [main] DEBUG org.apache.http.conn.ssl.LenientSslConnectionSocketFactory --  peer alternative names: [*.swagger.io]
22:14:10.171 [main] DEBUG org.apache.http.conn.ssl.LenientSslConnectionSocketFactory --  issuer principal: CN=Amazon RSA 2048 M02, O=Amazon, C=US
22:14:10.171 [main] DEBUG org.apache.http.impl.conn.DefaultHttpClientConnectionOperator -- Connection established 192.168.100.24:58907<->44.212.192.106:443
22:14:10.171 [main] DEBUG org.apache.http.impl.conn.DefaultManagedHttpClientConnection -- http-outgoing-0: set socket timeout to 10000
22:14:10.173 [main] DEBUG org.apache.http.impl.execchain.MainClientExec -- Executing request POST /v2/pet HTTP/1.1
22:14:10.173 [main] DEBUG org.apache.http.impl.execchain.MainClientExec -- Target auth state: UNCHALLENGED
22:14:10.173 [main] DEBUG org.apache.http.impl.execchain.MainClientExec -- Proxy auth state: UNCHALLENGED
22:14:10.175 [main] DEBUG org.apache.http.headers -- http-outgoing-0 >> POST /v2/pet HTTP/1.1
22:14:10.175 [main] DEBUG org.apache.http.headers -- http-outgoing-0 >> Content-Type: application/json; charset=UTF-8
22:14:10.175 [main] DEBUG org.apache.http.headers -- http-outgoing-0 >> Content-Length: 225
22:14:10.175 [main] DEBUG org.apache.http.headers -- http-outgoing-0 >> Host: petstore.swagger.io
22:14:10.175 [main] DEBUG org.apache.http.headers -- http-outgoing-0 >> Connection: Keep-Alive
22:14:10.175 [main] DEBUG org.apache.http.headers -- http-outgoing-0 >> User-Agent: Apache-HttpClient/4.5.14 (Java/11.0.28)
22:14:10.175 [main] DEBUG org.apache.http.headers -- http-outgoing-0 >> Accept-Encoding: gzip,deflate
22:14:10.175 [main] DEBUG org.apache.http.wire -- http-outgoing-0 >> "POST /v2/pet HTTP/1.1[\r][\n]"
22:14:10.175 [main] DEBUG org.apache.http.wire -- http-outgoing-0 >> "Content-Type: application/json; charset=UTF-8[\r][\n]"
22:14:10.175 [main] DEBUG org.apache.http.wire -- http-outgoing-0 >> "Content-Length: 225[\r][\n]"
22:14:10.175 [main] DEBUG org.apache.http.wire -- http-outgoing-0 >> "Host: petstore.swagger.io[\r][\n]"
22:14:10.175 [main] DEBUG org.apache.http.wire -- http-outgoing-0 >> "Connection: Keep-Alive[\r][\n]"
22:14:10.175 [main] DEBUG org.apache.http.wire -- http-outgoing-0 >> "User-Agent: Apache-HttpClient/4.5.14 (Java/11.0.28)[\r][\n]"
22:14:10.175 [main] DEBUG org.apache.http.wire -- http-outgoing-0 >> "Accept-Encoding: gzip,deflate[\r][\n]"
22:14:10.175 [main] DEBUG org.apache.http.wire -- http-outgoing-0 >> "[\r][\n]"
22:14:10.175 [main] DEBUG org.apache.http.wire -- http-outgoing-0 >> "{"id":849286,"category":{"id":1,"name":"Automation Test Category"},"name":"API Test Pet - 849286","photoUrls":["https:\/\/example.com\/photos\/pet-849286.jpg"],"tags":[{"id":100,"name":"automated-test"}],"status":"available"}"
22:14:10.276 [main] DEBUG org.apache.http.wire -- http-outgoing-0 << "HTTP/1.1 200 OK[\r][\n]"
22:14:10.276 [main] DEBUG org.apache.http.wire -- http-outgoing-0 << "Date: Sat, 27 Sep 2025 03:14:09 GMT[\r][\n]"
22:14:10.276 [main] DEBUG org.apache.http.wire -- http-outgoing-0 << "Content-Type: application/json[\r][\n]"
22:14:10.276 [main] DEBUG org.apache.http.wire -- http-outgoing-0 << "Transfer-Encoding: chunked[\r][\n]"
22:14:10.276 [main] DEBUG org.apache.http.wire -- http-outgoing-0 << "Connection: keep-alive[\r][\n]"
22:14:10.276 [main] DEBUG org.apache.http.wire -- http-outgoing-0 << "Access-Control-Allow-Origin: *[\r][\n]"
22:14:10.276 [main] DEBUG org.apache.http.wire -- http-outgoing-0 << "Access-Control-Allow-Methods: GET, POST, DELETE, PUT[\r][\n]"
22:14:10.276 [main] DEBUG org.apache.http.wire -- http-outgoing-0 << "Access-Control-Allow-Headers: Content-Type, api_key, Authorization[\r][\n]"
22:14:10.276 [main] DEBUG org.apache.http.wire -- http-outgoing-0 << "Server: Jetty(9.2.9.v20150224)[\r][\n]"
22:14:10.276 [main] DEBUG org.apache.http.wire -- http-outgoing-0 << "[\r][\n]"
22:14:10.276 [main] DEBUG org.apache.http.wire -- http-outgoing-0 << "dd[\r][\n]"
22:14:10.277 [main] DEBUG org.apache.http.wire -- http-outgoing-0 << "{"id":849286,"category":{"id":1,"name":"Automation Test Category"},"name":"API Test Pet - 849286","photoUrls":["https://example.com/photos/pet-849286.jpg"],"tags":[{"id":100,"name":"automated-test"}],"status":"available"}[\r][\n]"
22:14:10.280 [main] DEBUG org.apache.http.headers -- http-outgoing-0 << HTTP/1.1 200 OK
22:14:10.280 [main] DEBUG org.apache.http.headers -- http-outgoing-0 << Date: Sat, 27 Sep 2025 03:14:09 GMT
22:14:10.280 [main] DEBUG org.apache.http.headers -- http-outgoing-0 << Content-Type: application/json
22:14:10.280 [main] DEBUG org.apache.http.headers -- http-outgoing-0 << Transfer-Encoding: chunked
22:14:10.280 [main] DEBUG org.apache.http.headers -- http-outgoing-0 << Connection: keep-alive
22:14:10.280 [main] DEBUG org.apache.http.headers -- http-outgoing-0 << Access-Control-Allow-Origin: *
22:14:10.280 [main] DEBUG org.apache.http.headers -- http-outgoing-0 << Access-Control-Allow-Methods: GET, POST, DELETE, PUT
22:14:10.281 [main] DEBUG org.apache.http.headers -- http-outgoing-0 << Access-Control-Allow-Headers: Content-Type, api_key, Authorization
22:14:10.281 [main] DEBUG org.apache.http.headers -- http-outgoing-0 << Server: Jetty(9.2.9.v20150224)
22:14:10.286 [main] DEBUG org.apache.http.impl.execchain.MainClientExec -- Connection can be kept alive indefinitely
22:14:10.290 [main] DEBUG org.apache.http.wire -- http-outgoing-0 << "0[\r][\n]"
22:14:10.290 [main] DEBUG org.apache.http.wire -- http-outgoing-0 << "[\r][\n]"
22:14:10.290 [main] DEBUG org.apache.http.impl.conn.PoolingHttpClientConnectionManager -- Connection [id: 0][route: {s}->https://petstore.swagger.io:443] can be kept alive indefinitely
22:14:10.291 [main] DEBUG org.apache.http.impl.conn.DefaultManagedHttpClientConnection -- http-outgoing-0: set socket timeout to 0
22:14:10.291 [main] DEBUG org.apache.http.impl.conn.PoolingHttpClientConnectionManager -- Connection released: [id: 0][route: {s}->https://petstore.swagger.io:443][total available: 1; route allocated: 1 of 5; total allocated: 1 of 10]
22:14:10.291 [main] DEBUG org.apache.http.impl.conn.PoolingHttpClientConnectionManager -- Connection manager is shutting down
22:14:10.292 [main] DEBUG org.apache.http.impl.conn.DefaultManagedHttpClientConnection -- http-outgoing-0: Close connection
22:14:10.294 [main] DEBUG org.apache.http.impl.conn.PoolingHttpClientConnectionManager -- Connection manager shut down
22:14:10.296 [main] DEBUG com.intuit.karate -- response time in milliseconds: 609
1 < 200
1 < Date: Sat, 27 Sep 2025 03:14:09 GMT
1 < Content-Type: application/json
1 < Transfer-Encoding: chunked
1 < Connection: keep-alive
1 < Access-Control-Allow-Origin: *
1 < Access-Control-Allow-Methods: GET, POST, DELETE, PUT
1 < Access-Control-Allow-Headers: Content-Type, api_key, Authorization
1 < Server: Jetty(9.2.9.v20150224)
{"id":849286,"category":{"id":1,"name":"Automation Test Category"},"name":"API Test Pet - 849286","photoUrls":["https://example.com/photos/pet-849286.jpg"],"tags":[{"id":100,"name":"automated-test"}],"status":"available"}

22:14:10.344 [main] DEBUG com.jayway.jsonpath.internal.path.CompiledPath -- Evaluating path: $
22:14:10.352 [main] DEBUG com.jayway.jsonpath.internal.path.CompiledPath -- Evaluating path: $['id']
22:14:10.366 [main] DEBUG com.jayway.jsonpath.internal.path.CompiledPath -- Evaluating path: $['name']
22:14:10.367 [main] DEBUG com.jayway.jsonpath.internal.path.CompiledPath -- Evaluating path: $['status']
22:14:10.370 [main] DEBUG com.jayway.jsonpath.internal.path.CompiledPath -- Evaluating path: $['category']['name']
]]></system-out>
  </testcase>
  <testcase name="[2:92] GET /pet/{petId} - Retrieve pet by unique identifier" classname="petstore/petstore-tests" time="1.762">
    <system-out><![CDATA[22:14:10.393 [main] INFO com.intuit.karate -- Running tests against PetStore Demo API in environment: demo 
22:14:10.418 [main] DEBUG org.apache.http.client.protocol.RequestAddCookies -- CookieSpec selected: karate
22:14:10.418 [main] DEBUG org.apache.http.client.protocol.RequestAuthCache -- Auth cache not set in the context
22:14:10.418 [main] DEBUG com.intuit.karate -- request:
1 > POST https://petstore.swagger.io/v2/pet
1 > Content-Type: application/json; charset=UTF-8
1 > Content-Length: 225
1 > Host: petstore.swagger.io
1 > Connection: Keep-Alive
1 > User-Agent: Apache-HttpClient/4.5.14 (Java/11.0.28)
1 > Accept-Encoding: gzip,deflate
{"id":850405,"category":{"id":1,"name":"Automation Test Category"},"name":"GET Test Pet - 850405","photoUrls":["https:\/\/example.com\/photos\/pet-850405.jpg"],"tags":[{"id":100,"name":"automated-test"}],"status":"available"}

22:14:10.418 [main] DEBUG org.apache.http.impl.conn.PoolingHttpClientConnectionManager -- Connection request: [route: {s}->https://petstore.swagger.io:443][total available: 0; route allocated: 0 of 5; total allocated: 0 of 10]
22:14:10.418 [main] DEBUG org.apache.http.impl.conn.PoolingHttpClientConnectionManager -- Connection leased: [id: 1][route: {s}->https://petstore.swagger.io:443][total available: 0; route allocated: 1 of 5; total allocated: 1 of 10]
22:14:10.418 [main] DEBUG org.apache.http.impl.execchain.MainClientExec -- Opening connection {s}->https://petstore.swagger.io:443
22:14:10.418 [main] DEBUG org.apache.http.impl.conn.DefaultHttpClientConnectionOperator -- Connecting to petstore.swagger.io/44.212.192.106:443
22:14:10.418 [main] DEBUG org.apache.http.conn.ssl.LenientSslConnectionSocketFactory -- Connecting socket to petstore.swagger.io/44.212.192.106:443 with timeout 10000
22:14:10.510 [main] DEBUG org.apache.http.conn.ssl.LenientSslConnectionSocketFactory -- Enabled protocols: [TLSv1.3, TLSv1.2]
22:14:10.510 [main] DEBUG org.apache.http.conn.ssl.LenientSslConnectionSocketFactory -- Enabled cipher suites:[TLS_AES_256_GCM_SHA384, TLS_AES_128_GCM_SHA256, TLS_CHACHA20_POLY1305_SHA256, TLS_ECDHE_ECDSA_WITH_AES_256_GCM_SHA384, TLS_ECDHE_ECDSA_WITH_AES_128_GCM_SHA256, TLS_ECDHE_ECDSA_WITH_CHACHA20_POLY1305_SHA256, TLS_ECDHE_RSA_WITH_AES_256_GCM_SHA384, TLS_ECDHE_RSA_WITH_CHACHA20_POLY1305_SHA256, TLS_ECDHE_RSA_WITH_AES_128_GCM_SHA256, TLS_DHE_RSA_WITH_AES_256_GCM_SHA384, TLS_DHE_RSA_WITH_CHACHA20_POLY1305_SHA256, TLS_DHE_DSS_WITH_AES_256_GCM_SHA384, TLS_DHE_RSA_WITH_AES_128_GCM_SHA256, TLS_DHE_DSS_WITH_AES_128_GCM_SHA256, TLS_ECDHE_ECDSA_WITH_AES_256_CBC_SHA384, TLS_ECDHE_RSA_WITH_AES_256_CBC_SHA384, TLS_ECDHE_ECDSA_WITH_AES_128_CBC_SHA256, TLS_ECDHE_RSA_WITH_AES_128_CBC_SHA256, TLS_DHE_RSA_WITH_AES_256_CBC_SHA256, TLS_DHE_DSS_WITH_AES_256_CBC_SHA256, TLS_DHE_RSA_WITH_AES_128_CBC_SHA256, TLS_DHE_DSS_WITH_AES_128_CBC_SHA256, TLS_ECDHE_ECDSA_WITH_AES_256_CBC_SHA, TLS_ECDHE_RSA_WITH_AES_256_CBC_SHA, TLS_ECDHE_ECDSA_WITH_AES_128_CBC_SHA, TLS_ECDHE_RSA_WITH_AES_128_CBC_SHA, TLS_DHE_RSA_WITH_AES_256_CBC_SHA, TLS_DHE_DSS_WITH_AES_256_CBC_SHA, TLS_DHE_RSA_WITH_AES_128_CBC_SHA, TLS_DHE_DSS_WITH_AES_128_CBC_SHA, TLS_RSA_WITH_AES_256_GCM_SHA384, TLS_RSA_WITH_AES_128_GCM_SHA256, TLS_RSA_WITH_AES_256_CBC_SHA256, TLS_RSA_WITH_AES_128_CBC_SHA256, TLS_RSA_WITH_AES_256_CBC_SHA, TLS_RSA_WITH_AES_128_CBC_SHA, TLS_EMPTY_RENEGOTIATION_INFO_SCSV]
22:14:10.510 [main] DEBUG org.apache.http.conn.ssl.LenientSslConnectionSocketFactory -- Starting handshake
22:14:10.697 [main] DEBUG org.apache.http.conn.ssl.LenientSslConnectionSocketFactory -- Secure session established
22:14:10.697 [main] DEBUG org.apache.http.conn.ssl.LenientSslConnectionSocketFactory --  negotiated protocol: TLSv1.2
22:14:10.697 [main] DEBUG org.apache.http.conn.ssl.LenientSslConnectionSocketFactory --  negotiated cipher suite: TLS_ECDHE_RSA_WITH_AES_128_GCM_SHA256
22:14:10.697 [main] DEBUG org.apache.http.conn.ssl.LenientSslConnectionSocketFactory --  peer principal: CN=*.swagger.io
22:14:10.697 [main] DEBUG org.apache.http.conn.ssl.LenientSslConnectionSocketFactory --  peer alternative names: [*.swagger.io]
22:14:10.697 [main] DEBUG org.apache.http.conn.ssl.LenientSslConnectionSocketFactory --  issuer principal: CN=Amazon RSA 2048 M02, O=Amazon, C=US
22:14:10.697 [main] DEBUG org.apache.http.impl.conn.DefaultHttpClientConnectionOperator -- Connection established 192.168.100.24:58908<->44.212.192.106:443
22:14:10.697 [main] DEBUG org.apache.http.impl.conn.DefaultManagedHttpClientConnection -- http-outgoing-1: set socket timeout to 10000
22:14:10.697 [main] DEBUG org.apache.http.impl.execchain.MainClientExec -- Executing request POST /v2/pet HTTP/1.1
22:14:10.697 [main] DEBUG org.apache.http.impl.execchain.MainClientExec -- Target auth state: UNCHALLENGED
22:14:10.697 [main] DEBUG org.apache.http.impl.execchain.MainClientExec -- Proxy auth state: UNCHALLENGED
22:14:10.697 [main] DEBUG org.apache.http.headers -- http-outgoing-1 >> POST /v2/pet HTTP/1.1
22:14:10.697 [main] DEBUG org.apache.http.headers -- http-outgoing-1 >> Content-Type: application/json; charset=UTF-8
22:14:10.697 [main] DEBUG org.apache.http.headers -- http-outgoing-1 >> Content-Length: 225
22:14:10.697 [main] DEBUG org.apache.http.headers -- http-outgoing-1 >> Host: petstore.swagger.io
22:14:10.697 [main] DEBUG org.apache.http.headers -- http-outgoing-1 >> Connection: Keep-Alive
22:14:10.697 [main] DEBUG org.apache.http.headers -- http-outgoing-1 >> User-Agent: Apache-HttpClient/4.5.14 (Java/11.0.28)
22:14:10.697 [main] DEBUG org.apache.http.headers -- http-outgoing-1 >> Accept-Encoding: gzip,deflate
22:14:10.697 [main] DEBUG org.apache.http.wire -- http-outgoing-1 >> "POST /v2/pet HTTP/1.1[\r][\n]"
22:14:10.697 [main] DEBUG org.apache.http.wire -- http-outgoing-1 >> "Content-Type: application/json; charset=UTF-8[\r][\n]"
22:14:10.697 [main] DEBUG org.apache.http.wire -- http-outgoing-1 >> "Content-Length: 225[\r][\n]"
22:14:10.697 [main] DEBUG org.apache.http.wire -- http-outgoing-1 >> "Host: petstore.swagger.io[\r][\n]"
22:14:10.697 [main] DEBUG org.apache.http.wire -- http-outgoing-1 >> "Connection: Keep-Alive[\r][\n]"
22:14:10.697 [main] DEBUG org.apache.http.wire -- http-outgoing-1 >> "User-Agent: Apache-HttpClient/4.5.14 (Java/11.0.28)[\r][\n]"
22:14:10.697 [main] DEBUG org.apache.http.wire -- http-outgoing-1 >> "Accept-Encoding: gzip,deflate[\r][\n]"
22:14:10.697 [main] DEBUG org.apache.http.wire -- http-outgoing-1 >> "[\r][\n]"
22:14:10.697 [main] DEBUG org.apache.http.wire -- http-outgoing-1 >> "{"id":850405,"category":{"id":1,"name":"Automation Test Category"},"name":"GET Test Pet - 850405","photoUrls":["https:\/\/example.com\/photos\/pet-850405.jpg"],"tags":[{"id":100,"name":"automated-test"}],"status":"available"}"
22:14:10.804 [main] DEBUG org.apache.http.wire -- http-outgoing-1 << "HTTP/1.1 200 OK[\r][\n]"
22:14:10.805 [main] DEBUG org.apache.http.wire -- http-outgoing-1 << "Date: Sat, 27 Sep 2025 03:14:09 GMT[\r][\n]"
22:14:10.805 [main] DEBUG org.apache.http.wire -- http-outgoing-1 << "Content-Type: application/json[\r][\n]"
22:14:10.805 [main] DEBUG org.apache.http.wire -- http-outgoing-1 << "Transfer-Encoding: chunked[\r][\n]"
22:14:10.805 [main] DEBUG org.apache.http.wire -- http-outgoing-1 << "Connection: keep-alive[\r][\n]"
22:14:10.805 [main] DEBUG org.apache.http.wire -- http-outgoing-1 << "Access-Control-Allow-Origin: *[\r][\n]"
22:14:10.805 [main] DEBUG org.apache.http.wire -- http-outgoing-1 << "Access-Control-Allow-Methods: GET, POST, DELETE, PUT[\r][\n]"
22:14:10.805 [main] DEBUG org.apache.http.wire -- http-outgoing-1 << "Access-Control-Allow-Headers: Content-Type, api_key, Authorization[\r][\n]"
22:14:10.805 [main] DEBUG org.apache.http.wire -- http-outgoing-1 << "Server: Jetty(9.2.9.v20150224)[\r][\n]"
22:14:10.805 [main] DEBUG org.apache.http.wire -- http-outgoing-1 << "[\r][\n]"
22:14:10.805 [main] DEBUG org.apache.http.wire -- http-outgoing-1 << "dd[\r][\n]"
22:14:10.805 [main] DEBUG org.apache.http.wire -- http-outgoing-1 << "{"id":850405,"category":{"id":1,"name":"Automation Test Category"},"name":"GET Test Pet - 850405","photoUrls":["https://example.com/photos/pet-850405.jpg"],"tags":[{"id":100,"name":"automated-test"}],"status":"available"}[\r][\n]"
22:14:10.805 [main] DEBUG org.apache.http.headers -- http-outgoing-1 << HTTP/1.1 200 OK
22:14:10.805 [main] DEBUG org.apache.http.headers -- http-outgoing-1 << Date: Sat, 27 Sep 2025 03:14:09 GMT
22:14:10.805 [main] DEBUG org.apache.http.headers -- http-outgoing-1 << Content-Type: application/json
22:14:10.805 [main] DEBUG org.apache.http.headers -- http-outgoing-1 << Transfer-Encoding: chunked
22:14:10.805 [main] DEBUG org.apache.http.headers -- http-outgoing-1 << Connection: keep-alive
22:14:10.805 [main] DEBUG org.apache.http.headers -- http-outgoing-1 << Access-Control-Allow-Origin: *
22:14:10.805 [main] DEBUG org.apache.http.headers -- http-outgoing-1 << Access-Control-Allow-Methods: GET, POST, DELETE, PUT
22:14:10.805 [main] DEBUG org.apache.http.headers -- http-outgoing-1 << Access-Control-Allow-Headers: Content-Type, api_key, Authorization
22:14:10.806 [main] DEBUG org.apache.http.headers -- http-outgoing-1 << Server: Jetty(9.2.9.v20150224)
22:14:10.806 [main] DEBUG org.apache.http.impl.execchain.MainClientExec -- Connection can be kept alive indefinitely
22:14:10.806 [main] DEBUG org.apache.http.wire -- http-outgoing-1 << "0[\r][\n]"
22:14:10.806 [main] DEBUG org.apache.http.wire -- http-outgoing-1 << "[\r][\n]"
22:14:10.806 [main] DEBUG org.apache.http.impl.conn.PoolingHttpClientConnectionManager -- Connection [id: 1][route: {s}->https://petstore.swagger.io:443] can be kept alive indefinitely
22:14:10.806 [main] DEBUG org.apache.http.impl.conn.DefaultManagedHttpClientConnection -- http-outgoing-1: set socket timeout to 0
22:14:10.806 [main] DEBUG org.apache.http.impl.conn.PoolingHttpClientConnectionManager -- Connection released: [id: 1][route: {s}->https://petstore.swagger.io:443][total available: 1; route allocated: 1 of 5; total allocated: 1 of 10]
22:14:10.806 [main] DEBUG org.apache.http.impl.conn.PoolingHttpClientConnectionManager -- Connection manager is shutting down
22:14:10.806 [main] DEBUG org.apache.http.impl.conn.DefaultManagedHttpClientConnection -- http-outgoing-1: Close connection
22:14:10.806 [main] DEBUG org.apache.http.impl.conn.PoolingHttpClientConnectionManager -- Connection manager shut down
22:14:10.806 [main] DEBUG com.intuit.karate -- response time in milliseconds: 388
1 < 200
1 < Date: Sat, 27 Sep 2025 03:14:09 GMT
1 < Content-Type: application/json
1 < Transfer-Encoding: chunked
1 < Connection: keep-alive
1 < Access-Control-Allow-Origin: *
1 < Access-Control-Allow-Methods: GET, POST, DELETE, PUT
1 < Access-Control-Allow-Headers: Content-Type, api_key, Authorization
1 < Server: Jetty(9.2.9.v20150224)
{"id":850405,"category":{"id":1,"name":"Automation Test Category"},"name":"GET Test Pet - 850405","photoUrls":["https://example.com/photos/pet-850405.jpg"],"tags":[{"id":100,"name":"automated-test"}],"status":"available"}

22:14:10.806 [main] DEBUG com.jayway.jsonpath.internal.path.CompiledPath -- Evaluating path: $['id']
22:14:11.838 [main] DEBUG org.apache.http.client.protocol.RequestAddCookies -- CookieSpec selected: karate
22:14:11.838 [main] DEBUG org.apache.http.client.protocol.RequestAuthCache -- Auth cache not set in the context
22:14:11.839 [main] DEBUG com.intuit.karate -- request:
2 > GET https://petstore.swagger.io/v2/pet/850405
2 > Host: petstore.swagger.io
2 > Connection: Keep-Alive
2 > User-Agent: Apache-HttpClient/4.5.14 (Java/11.0.28)
2 > Accept-Encoding: gzip,deflate


22:14:11.839 [main] DEBUG org.apache.http.impl.conn.PoolingHttpClientConnectionManager -- Connection request: [route: {s}->https://petstore.swagger.io:443][total available: 0; route allocated: 0 of 5; total allocated: 0 of 10]
22:14:11.839 [main] DEBUG org.apache.http.impl.conn.PoolingHttpClientConnectionManager -- Connection leased: [id: 2][route: {s}->https://petstore.swagger.io:443][total available: 0; route allocated: 1 of 5; total allocated: 1 of 10]
22:14:11.839 [main] DEBUG org.apache.http.impl.execchain.MainClientExec -- Opening connection {s}->https://petstore.swagger.io:443
22:14:11.839 [main] DEBUG org.apache.http.impl.conn.DefaultHttpClientConnectionOperator -- Connecting to petstore.swagger.io/44.212.192.106:443
22:14:11.839 [main] DEBUG org.apache.http.conn.ssl.LenientSslConnectionSocketFactory -- Connecting socket to petstore.swagger.io/44.212.192.106:443 with timeout 10000
22:14:11.935 [main] DEBUG org.apache.http.conn.ssl.LenientSslConnectionSocketFactory -- Enabled protocols: [TLSv1.3, TLSv1.2]
22:14:11.935 [main] DEBUG org.apache.http.conn.ssl.LenientSslConnectionSocketFactory -- Enabled cipher suites:[TLS_AES_256_GCM_SHA384, TLS_AES_128_GCM_SHA256, TLS_CHACHA20_POLY1305_SHA256, TLS_ECDHE_ECDSA_WITH_AES_256_GCM_SHA384, TLS_ECDHE_ECDSA_WITH_AES_128_GCM_SHA256, TLS_ECDHE_ECDSA_WITH_CHACHA20_POLY1305_SHA256, TLS_ECDHE_RSA_WITH_AES_256_GCM_SHA384, TLS_ECDHE_RSA_WITH_CHACHA20_POLY1305_SHA256, TLS_ECDHE_RSA_WITH_AES_128_GCM_SHA256, TLS_DHE_RSA_WITH_AES_256_GCM_SHA384, TLS_DHE_RSA_WITH_CHACHA20_POLY1305_SHA256, TLS_DHE_DSS_WITH_AES_256_GCM_SHA384, TLS_DHE_RSA_WITH_AES_128_GCM_SHA256, TLS_DHE_DSS_WITH_AES_128_GCM_SHA256, TLS_ECDHE_ECDSA_WITH_AES_256_CBC_SHA384, TLS_ECDHE_RSA_WITH_AES_256_CBC_SHA384, TLS_ECDHE_ECDSA_WITH_AES_128_CBC_SHA256, TLS_ECDHE_RSA_WITH_AES_128_CBC_SHA256, TLS_DHE_RSA_WITH_AES_256_CBC_SHA256, TLS_DHE_DSS_WITH_AES_256_CBC_SHA256, TLS_DHE_RSA_WITH_AES_128_CBC_SHA256, TLS_DHE_DSS_WITH_AES_128_CBC_SHA256, TLS_ECDHE_ECDSA_WITH_AES_256_CBC_SHA, TLS_ECDHE_RSA_WITH_AES_256_CBC_SHA, TLS_ECDHE_ECDSA_WITH_AES_128_CBC_SHA, TLS_ECDHE_RSA_WITH_AES_128_CBC_SHA, TLS_DHE_RSA_WITH_AES_256_CBC_SHA, TLS_DHE_DSS_WITH_AES_256_CBC_SHA, TLS_DHE_RSA_WITH_AES_128_CBC_SHA, TLS_DHE_DSS_WITH_AES_128_CBC_SHA, TLS_RSA_WITH_AES_256_GCM_SHA384, TLS_RSA_WITH_AES_128_GCM_SHA256, TLS_RSA_WITH_AES_256_CBC_SHA256, TLS_RSA_WITH_AES_128_CBC_SHA256, TLS_RSA_WITH_AES_256_CBC_SHA, TLS_RSA_WITH_AES_128_CBC_SHA, TLS_EMPTY_RENEGOTIATION_INFO_SCSV]
22:14:11.935 [main] DEBUG org.apache.http.conn.ssl.LenientSslConnectionSocketFactory -- Starting handshake
22:14:12.035 [main] DEBUG org.apache.http.conn.ssl.LenientSslConnectionSocketFactory -- Secure session established
22:14:12.035 [main] DEBUG org.apache.http.conn.ssl.LenientSslConnectionSocketFactory --  negotiated protocol: TLSv1.2
22:14:12.035 [main] DEBUG org.apache.http.conn.ssl.LenientSslConnectionSocketFactory --  negotiated cipher suite: TLS_ECDHE_RSA_WITH_AES_128_GCM_SHA256
22:14:12.035 [main] DEBUG org.apache.http.conn.ssl.LenientSslConnectionSocketFactory --  peer principal: CN=*.swagger.io
22:14:12.035 [main] DEBUG org.apache.http.conn.ssl.LenientSslConnectionSocketFactory --  peer alternative names: [*.swagger.io]
22:14:12.035 [main] DEBUG org.apache.http.conn.ssl.LenientSslConnectionSocketFactory --  issuer principal: CN=Amazon RSA 2048 M02, O=Amazon, C=US
22:14:12.036 [main] DEBUG org.apache.http.impl.conn.DefaultHttpClientConnectionOperator -- Connection established 192.168.100.24:58910<->44.212.192.106:443
22:14:12.036 [main] DEBUG org.apache.http.impl.conn.DefaultManagedHttpClientConnection -- http-outgoing-2: set socket timeout to 10000
22:14:12.036 [main] DEBUG org.apache.http.impl.execchain.MainClientExec -- Executing request GET /v2/pet/850405 HTTP/1.1
22:14:12.036 [main] DEBUG org.apache.http.impl.execchain.MainClientExec -- Target auth state: UNCHALLENGED
22:14:12.036 [main] DEBUG org.apache.http.impl.execchain.MainClientExec -- Proxy auth state: UNCHALLENGED
22:14:12.036 [main] DEBUG org.apache.http.headers -- http-outgoing-2 >> GET /v2/pet/850405 HTTP/1.1
22:14:12.037 [main] DEBUG org.apache.http.headers -- http-outgoing-2 >> Host: petstore.swagger.io
22:14:12.037 [main] DEBUG org.apache.http.headers -- http-outgoing-2 >> Connection: Keep-Alive
22:14:12.037 [main] DEBUG org.apache.http.headers -- http-outgoing-2 >> User-Agent: Apache-HttpClient/4.5.14 (Java/11.0.28)
22:14:12.037 [main] DEBUG org.apache.http.headers -- http-outgoing-2 >> Accept-Encoding: gzip,deflate
22:14:12.037 [main] DEBUG org.apache.http.wire -- http-outgoing-2 >> "GET /v2/pet/850405 HTTP/1.1[\r][\n]"
22:14:12.037 [main] DEBUG org.apache.http.wire -- http-outgoing-2 >> "Host: petstore.swagger.io[\r][\n]"
22:14:12.037 [main] DEBUG org.apache.http.wire -- http-outgoing-2 >> "Connection: Keep-Alive[\r][\n]"
22:14:12.037 [main] DEBUG org.apache.http.wire -- http-outgoing-2 >> "User-Agent: Apache-HttpClient/4.5.14 (Java/11.0.28)[\r][\n]"
22:14:12.037 [main] DEBUG org.apache.http.wire -- http-outgoing-2 >> "Accept-Encoding: gzip,deflate[\r][\n]"
22:14:12.038 [main] DEBUG org.apache.http.wire -- http-outgoing-2 >> "[\r][\n]"
22:14:12.134 [main] DEBUG org.apache.http.wire -- http-outgoing-2 << "HTTP/1.1 200 OK[\r][\n]"
22:14:12.134 [main] DEBUG org.apache.http.wire -- http-outgoing-2 << "Date: Sat, 27 Sep 2025 03:14:11 GMT[\r][\n]"
22:14:12.134 [main] DEBUG org.apache.http.wire -- http-outgoing-2 << "Content-Type: application/json[\r][\n]"
22:14:12.134 [main] DEBUG org.apache.http.wire -- http-outgoing-2 << "Transfer-Encoding: chunked[\r][\n]"
22:14:12.134 [main] DEBUG org.apache.http.wire -- http-outgoing-2 << "Connection: keep-alive[\r][\n]"
22:14:12.135 [main] DEBUG org.apache.http.wire -- http-outgoing-2 << "Access-Control-Allow-Origin: *[\r][\n]"
22:14:12.135 [main] DEBUG org.apache.http.wire -- http-outgoing-2 << "Access-Control-Allow-Methods: GET, POST, DELETE, PUT[\r][\n]"
22:14:12.135 [main] DEBUG org.apache.http.wire -- http-outgoing-2 << "Access-Control-Allow-Headers: Content-Type, api_key, Authorization[\r][\n]"
22:14:12.135 [main] DEBUG org.apache.http.wire -- http-outgoing-2 << "Server: Jetty(9.2.9.v20150224)[\r][\n]"
22:14:12.135 [main] DEBUG org.apache.http.wire -- http-outgoing-2 << "[\r][\n]"
22:14:12.135 [main] DEBUG org.apache.http.wire -- http-outgoing-2 << "dd[\r][\n]"
22:14:12.135 [main] DEBUG org.apache.http.wire -- http-outgoing-2 << "{"id":850405,"category":{"id":1,"name":"Automation Test Category"},"name":"GET Test Pet - 850405","photoUrls":["https://example.com/photos/pet-850405.jpg"],"tags":[{"id":100,"name":"automated-test"}],"status":"available"}[\r][\n]"
22:14:12.135 [main] DEBUG org.apache.http.headers -- http-outgoing-2 << HTTP/1.1 200 OK
22:14:12.135 [main] DEBUG org.apache.http.headers -- http-outgoing-2 << Date: Sat, 27 Sep 2025 03:14:11 GMT
22:14:12.135 [main] DEBUG org.apache.http.headers -- http-outgoing-2 << Content-Type: application/json
22:14:12.135 [main] DEBUG org.apache.http.headers -- http-outgoing-2 << Transfer-Encoding: chunked
22:14:12.135 [main] DEBUG org.apache.http.headers -- http-outgoing-2 << Connection: keep-alive
22:14:12.136 [main] DEBUG org.apache.http.headers -- http-outgoing-2 << Access-Control-Allow-Origin: *
22:14:12.136 [main] DEBUG org.apache.http.headers -- http-outgoing-2 << Access-Control-Allow-Methods: GET, POST, DELETE, PUT
22:14:12.136 [main] DEBUG org.apache.http.headers -- http-outgoing-2 << Access-Control-Allow-Headers: Content-Type, api_key, Authorization
22:14:12.136 [main] DEBUG org.apache.http.headers -- http-outgoing-2 << Server: Jetty(9.2.9.v20150224)
22:14:12.136 [main] DEBUG org.apache.http.impl.execchain.MainClientExec -- Connection can be kept alive indefinitely
22:14:12.136 [main] DEBUG org.apache.http.wire -- http-outgoing-2 << "0[\r][\n]"
22:14:12.136 [main] DEBUG org.apache.http.wire -- http-outgoing-2 << "[\r][\n]"
22:14:12.136 [main] DEBUG org.apache.http.impl.conn.PoolingHttpClientConnectionManager -- Connection [id: 2][route: {s}->https://petstore.swagger.io:443] can be kept alive indefinitely
22:14:12.137 [main] DEBUG org.apache.http.impl.conn.DefaultManagedHttpClientConnection -- http-outgoing-2: set socket timeout to 0
22:14:12.137 [main] DEBUG org.apache.http.impl.conn.PoolingHttpClientConnectionManager -- Connection released: [id: 2][route: {s}->https://petstore.swagger.io:443][total available: 1; route allocated: 1 of 5; total allocated: 1 of 10]
22:14:12.137 [main] DEBUG org.apache.http.impl.conn.PoolingHttpClientConnectionManager -- Connection manager is shutting down
22:14:12.137 [main] DEBUG org.apache.http.impl.conn.DefaultManagedHttpClientConnection -- http-outgoing-2: Close connection
22:14:12.137 [main] DEBUG org.apache.http.impl.conn.PoolingHttpClientConnectionManager -- Connection manager shut down
22:14:12.137 [main] DEBUG com.intuit.karate -- response time in milliseconds: 298
2 < 200
2 < Date: Sat, 27 Sep 2025 03:14:11 GMT
2 < Content-Type: application/json
2 < Transfer-Encoding: chunked
2 < Connection: keep-alive
2 < Access-Control-Allow-Origin: *
2 < Access-Control-Allow-Methods: GET, POST, DELETE, PUT
2 < Access-Control-Allow-Headers: Content-Type, api_key, Authorization
2 < Server: Jetty(9.2.9.v20150224)
{"id":850405,"category":{"id":1,"name":"Automation Test Category"},"name":"GET Test Pet - 850405","photoUrls":["https://example.com/photos/pet-850405.jpg"],"tags":[{"id":100,"name":"automated-test"}],"status":"available"}

22:14:12.140 [main] DEBUG com.jayway.jsonpath.internal.path.CompiledPath -- Evaluating path: $['id']
22:14:12.141 [main] DEBUG com.jayway.jsonpath.internal.path.CompiledPath -- Evaluating path: $['name']
22:14:12.141 [main] DEBUG com.jayway.jsonpath.internal.path.CompiledPath -- Evaluating path: $['status']
22:14:12.143 [main] DEBUG com.jayway.jsonpath.internal.path.CompiledPath -- Evaluating path: $['category']['name']
22:14:12.144 [main] DEBUG com.jayway.jsonpath.internal.path.CompiledPath -- Evaluating path: $
]]></system-out>
  </testcase>
  <testcase name="[3:131] PUT /pet - Update existing pet data and business status" classname="petstore/petstore-tests" time="0.776">
    <system-out><![CDATA[22:14:12.156 [main] INFO com.intuit.karate -- Running tests against PetStore Demo API in environment: demo 
22:14:12.173 [main] DEBUG org.apache.http.client.protocol.RequestAddCookies -- CookieSpec selected: karate
22:14:12.173 [main] DEBUG org.apache.http.client.protocol.RequestAuthCache -- Auth cache not set in the context
22:14:12.173 [main] DEBUG com.intuit.karate -- request:
1 > POST https://petstore.swagger.io/v2/pet
1 > Content-Type: application/json; charset=UTF-8
1 > Content-Length: 225
1 > Host: petstore.swagger.io
1 > Connection: Keep-Alive
1 > User-Agent: Apache-HttpClient/4.5.14 (Java/11.0.28)
1 > Accept-Encoding: gzip,deflate
{"id":852165,"category":{"id":1,"name":"Automation Test Category"},"name":"API Test Pet - 852165","photoUrls":["https:\/\/example.com\/photos\/pet-852165.jpg"],"tags":[{"id":100,"name":"automated-test"}],"status":"available"}

22:14:12.174 [main] DEBUG org.apache.http.impl.conn.PoolingHttpClientConnectionManager -- Connection request: [route: {s}->https://petstore.swagger.io:443][total available: 0; route allocated: 0 of 5; total allocated: 0 of 10]
22:14:12.174 [main] DEBUG org.apache.http.impl.conn.PoolingHttpClientConnectionManager -- Connection leased: [id: 3][route: {s}->https://petstore.swagger.io:443][total available: 0; route allocated: 1 of 5; total allocated: 1 of 10]
22:14:12.174 [main] DEBUG org.apache.http.impl.execchain.MainClientExec -- Opening connection {s}->https://petstore.swagger.io:443
22:14:12.175 [main] DEBUG org.apache.http.impl.conn.DefaultHttpClientConnectionOperator -- Connecting to petstore.swagger.io/44.212.192.106:443
22:14:12.175 [main] DEBUG org.apache.http.conn.ssl.LenientSslConnectionSocketFactory -- Connecting socket to petstore.swagger.io/44.212.192.106:443 with timeout 10000
22:14:12.279 [main] DEBUG org.apache.http.conn.ssl.LenientSslConnectionSocketFactory -- Enabled protocols: [TLSv1.3, TLSv1.2]
22:14:12.279 [main] DEBUG org.apache.http.conn.ssl.LenientSslConnectionSocketFactory -- Enabled cipher suites:[TLS_AES_256_GCM_SHA384, TLS_AES_128_GCM_SHA256, TLS_CHACHA20_POLY1305_SHA256, TLS_ECDHE_ECDSA_WITH_AES_256_GCM_SHA384, TLS_ECDHE_ECDSA_WITH_AES_128_GCM_SHA256, TLS_ECDHE_ECDSA_WITH_CHACHA20_POLY1305_SHA256, TLS_ECDHE_RSA_WITH_AES_256_GCM_SHA384, TLS_ECDHE_RSA_WITH_CHACHA20_POLY1305_SHA256, TLS_ECDHE_RSA_WITH_AES_128_GCM_SHA256, TLS_DHE_RSA_WITH_AES_256_GCM_SHA384, TLS_DHE_RSA_WITH_CHACHA20_POLY1305_SHA256, TLS_DHE_DSS_WITH_AES_256_GCM_SHA384, TLS_DHE_RSA_WITH_AES_128_GCM_SHA256, TLS_DHE_DSS_WITH_AES_128_GCM_SHA256, TLS_ECDHE_ECDSA_WITH_AES_256_CBC_SHA384, TLS_ECDHE_RSA_WITH_AES_256_CBC_SHA384, TLS_ECDHE_ECDSA_WITH_AES_128_CBC_SHA256, TLS_ECDHE_RSA_WITH_AES_128_CBC_SHA256, TLS_DHE_RSA_WITH_AES_256_CBC_SHA256, TLS_DHE_DSS_WITH_AES_256_CBC_SHA256, TLS_DHE_RSA_WITH_AES_128_CBC_SHA256, TLS_DHE_DSS_WITH_AES_128_CBC_SHA256, TLS_ECDHE_ECDSA_WITH_AES_256_CBC_SHA, TLS_ECDHE_RSA_WITH_AES_256_CBC_SHA, TLS_ECDHE_ECDSA_WITH_AES_128_CBC_SHA, TLS_ECDHE_RSA_WITH_AES_128_CBC_SHA, TLS_DHE_RSA_WITH_AES_256_CBC_SHA, TLS_DHE_DSS_WITH_AES_256_CBC_SHA, TLS_DHE_RSA_WITH_AES_128_CBC_SHA, TLS_DHE_DSS_WITH_AES_128_CBC_SHA, TLS_RSA_WITH_AES_256_GCM_SHA384, TLS_RSA_WITH_AES_128_GCM_SHA256, TLS_RSA_WITH_AES_256_CBC_SHA256, TLS_RSA_WITH_AES_128_CBC_SHA256, TLS_RSA_WITH_AES_256_CBC_SHA, TLS_RSA_WITH_AES_128_CBC_SHA, TLS_EMPTY_RENEGOTIATION_INFO_SCSV]
22:14:12.279 [main] DEBUG org.apache.http.conn.ssl.LenientSslConnectionSocketFactory -- Starting handshake
22:14:12.497 [main] DEBUG org.apache.http.conn.ssl.LenientSslConnectionSocketFactory -- Secure session established
22:14:12.497 [main] DEBUG org.apache.http.conn.ssl.LenientSslConnectionSocketFactory --  negotiated protocol: TLSv1.2
22:14:12.497 [main] DEBUG org.apache.http.conn.ssl.LenientSslConnectionSocketFactory --  negotiated cipher suite: TLS_ECDHE_RSA_WITH_AES_128_GCM_SHA256
22:14:12.497 [main] DEBUG org.apache.http.conn.ssl.LenientSslConnectionSocketFactory --  peer principal: CN=*.swagger.io
22:14:12.497 [main] DEBUG org.apache.http.conn.ssl.LenientSslConnectionSocketFactory --  peer alternative names: [*.swagger.io]
22:14:12.498 [main] DEBUG org.apache.http.conn.ssl.LenientSslConnectionSocketFactory --  issuer principal: CN=Amazon RSA 2048 M02, O=Amazon, C=US
22:14:12.498 [main] DEBUG org.apache.http.impl.conn.DefaultHttpClientConnectionOperator -- Connection established 192.168.100.24:58911<->44.212.192.106:443
22:14:12.498 [main] DEBUG org.apache.http.impl.conn.DefaultManagedHttpClientConnection -- http-outgoing-3: set socket timeout to 10000
22:14:12.498 [main] DEBUG org.apache.http.impl.execchain.MainClientExec -- Executing request POST /v2/pet HTTP/1.1
22:14:12.498 [main] DEBUG org.apache.http.impl.execchain.MainClientExec -- Target auth state: UNCHALLENGED
22:14:12.498 [main] DEBUG org.apache.http.impl.execchain.MainClientExec -- Proxy auth state: UNCHALLENGED
22:14:12.498 [main] DEBUG org.apache.http.headers -- http-outgoing-3 >> POST /v2/pet HTTP/1.1
22:14:12.498 [main] DEBUG org.apache.http.headers -- http-outgoing-3 >> Content-Type: application/json; charset=UTF-8
22:14:12.498 [main] DEBUG org.apache.http.headers -- http-outgoing-3 >> Content-Length: 225
22:14:12.498 [main] DEBUG org.apache.http.headers -- http-outgoing-3 >> Host: petstore.swagger.io
22:14:12.498 [main] DEBUG org.apache.http.headers -- http-outgoing-3 >> Connection: Keep-Alive
22:14:12.498 [main] DEBUG org.apache.http.headers -- http-outgoing-3 >> User-Agent: Apache-HttpClient/4.5.14 (Java/11.0.28)
22:14:12.498 [main] DEBUG org.apache.http.headers -- http-outgoing-3 >> Accept-Encoding: gzip,deflate
22:14:12.498 [main] DEBUG org.apache.http.wire -- http-outgoing-3 >> "POST /v2/pet HTTP/1.1[\r][\n]"
22:14:12.498 [main] DEBUG org.apache.http.wire -- http-outgoing-3 >> "Content-Type: application/json; charset=UTF-8[\r][\n]"
22:14:12.498 [main] DEBUG org.apache.http.wire -- http-outgoing-3 >> "Content-Length: 225[\r][\n]"
22:14:12.499 [main] DEBUG org.apache.http.wire -- http-outgoing-3 >> "Host: petstore.swagger.io[\r][\n]"
22:14:12.499 [main] DEBUG org.apache.http.wire -- http-outgoing-3 >> "Connection: Keep-Alive[\r][\n]"
22:14:12.499 [main] DEBUG org.apache.http.wire -- http-outgoing-3 >> "User-Agent: Apache-HttpClient/4.5.14 (Java/11.0.28)[\r][\n]"
22:14:12.499 [main] DEBUG org.apache.http.wire -- http-outgoing-3 >> "Accept-Encoding: gzip,deflate[\r][\n]"
22:14:12.499 [main] DEBUG org.apache.http.wire -- http-outgoing-3 >> "[\r][\n]"
22:14:12.499 [main] DEBUG org.apache.http.wire -- http-outgoing-3 >> "{"id":852165,"category":{"id":1,"name":"Automation Test Category"},"name":"API Test Pet - 852165","photoUrls":["https:\/\/example.com\/photos\/pet-852165.jpg"],"tags":[{"id":100,"name":"automated-test"}],"status":"available"}"
22:14:12.605 [main] DEBUG org.apache.http.wire -- http-outgoing-3 << "HTTP/1.1 200 OK[\r][\n]"
22:14:12.605 [main] DEBUG org.apache.http.wire -- http-outgoing-3 << "Date: Sat, 27 Sep 2025 03:14:11 GMT[\r][\n]"
22:14:12.605 [main] DEBUG org.apache.http.wire -- http-outgoing-3 << "Content-Type: application/json[\r][\n]"
22:14:12.605 [main] DEBUG org.apache.http.wire -- http-outgoing-3 << "Transfer-Encoding: chunked[\r][\n]"
22:14:12.605 [main] DEBUG org.apache.http.wire -- http-outgoing-3 << "Connection: keep-alive[\r][\n]"
22:14:12.605 [main] DEBUG org.apache.http.wire -- http-outgoing-3 << "Access-Control-Allow-Origin: *[\r][\n]"
22:14:12.605 [main] DEBUG org.apache.http.wire -- http-outgoing-3 << "Access-Control-Allow-Methods: GET, POST, DELETE, PUT[\r][\n]"
22:14:12.605 [main] DEBUG org.apache.http.wire -- http-outgoing-3 << "Access-Control-Allow-Headers: Content-Type, api_key, Authorization[\r][\n]"
22:14:12.605 [main] DEBUG org.apache.http.wire -- http-outgoing-3 << "Server: Jetty(9.2.9.v20150224)[\r][\n]"
22:14:12.605 [main] DEBUG org.apache.http.wire -- http-outgoing-3 << "[\r][\n]"
22:14:12.605 [main] DEBUG org.apache.http.wire -- http-outgoing-3 << "dd[\r][\n]"
22:14:12.605 [main] DEBUG org.apache.http.wire -- http-outgoing-3 << "{"id":852165,"category":{"id":1,"name":"Automation Test Category"},"name":"API Test Pet - 852165","photoUrls":["https://example.com/photos/pet-852165.jpg"],"tags":[{"id":100,"name":"automated-test"}],"status":"available"}[\r][\n]"
22:14:12.605 [main] DEBUG org.apache.http.headers -- http-outgoing-3 << HTTP/1.1 200 OK
22:14:12.605 [main] DEBUG org.apache.http.headers -- http-outgoing-3 << Date: Sat, 27 Sep 2025 03:14:11 GMT
22:14:12.605 [main] DEBUG org.apache.http.headers -- http-outgoing-3 << Content-Type: application/json
22:14:12.605 [main] DEBUG org.apache.http.headers -- http-outgoing-3 << Transfer-Encoding: chunked
22:14:12.605 [main] DEBUG org.apache.http.headers -- http-outgoing-3 << Connection: keep-alive
22:14:12.605 [main] DEBUG org.apache.http.headers -- http-outgoing-3 << Access-Control-Allow-Origin: *
22:14:12.606 [main] DEBUG org.apache.http.headers -- http-outgoing-3 << Access-Control-Allow-Methods: GET, POST, DELETE, PUT
22:14:12.606 [main] DEBUG org.apache.http.headers -- http-outgoing-3 << Access-Control-Allow-Headers: Content-Type, api_key, Authorization
22:14:12.606 [main] DEBUG org.apache.http.headers -- http-outgoing-3 << Server: Jetty(9.2.9.v20150224)
22:14:12.606 [main] DEBUG org.apache.http.impl.execchain.MainClientExec -- Connection can be kept alive indefinitely
22:14:12.606 [main] DEBUG org.apache.http.wire -- http-outgoing-3 << "0[\r][\n]"
22:14:12.606 [main] DEBUG org.apache.http.wire -- http-outgoing-3 << "[\r][\n]"
22:14:12.606 [main] DEBUG org.apache.http.impl.conn.PoolingHttpClientConnectionManager -- Connection [id: 3][route: {s}->https://petstore.swagger.io:443] can be kept alive indefinitely
22:14:12.606 [main] DEBUG org.apache.http.impl.conn.DefaultManagedHttpClientConnection -- http-outgoing-3: set socket timeout to 0
22:14:12.606 [main] DEBUG org.apache.http.impl.conn.PoolingHttpClientConnectionManager -- Connection released: [id: 3][route: {s}->https://petstore.swagger.io:443][total available: 1; route allocated: 1 of 5; total allocated: 1 of 10]
22:14:12.606 [main] DEBUG org.apache.http.impl.conn.PoolingHttpClientConnectionManager -- Connection manager is shutting down
22:14:12.606 [main] DEBUG org.apache.http.impl.conn.DefaultManagedHttpClientConnection -- http-outgoing-3: Close connection
22:14:12.607 [main] DEBUG org.apache.http.impl.conn.PoolingHttpClientConnectionManager -- Connection manager shut down
22:14:12.607 [main] DEBUG com.intuit.karate -- response time in milliseconds: 433
1 < 200
1 < Date: Sat, 27 Sep 2025 03:14:11 GMT
1 < Content-Type: application/json
1 < Transfer-Encoding: chunked
1 < Connection: keep-alive
1 < Access-Control-Allow-Origin: *
1 < Access-Control-Allow-Methods: GET, POST, DELETE, PUT
1 < Access-Control-Allow-Headers: Content-Type, api_key, Authorization
1 < Server: Jetty(9.2.9.v20150224)
{"id":852165,"category":{"id":1,"name":"Automation Test Category"},"name":"API Test Pet - 852165","photoUrls":["https://example.com/photos/pet-852165.jpg"],"tags":[{"id":100,"name":"automated-test"}],"status":"available"}

22:14:12.616 [main] DEBUG org.apache.http.client.protocol.RequestAddCookies -- CookieSpec selected: karate
22:14:12.616 [main] DEBUG org.apache.http.client.protocol.RequestAuthCache -- Auth cache not set in the context
22:14:12.616 [main] DEBUG com.intuit.karate -- request:
2 > PUT https://petstore.swagger.io/v2/pet
2 > Content-Type: application/json; charset=UTF-8
2 > Content-Length: 226
2 > Host: petstore.swagger.io
2 > Connection: Keep-Alive
2 > User-Agent: Apache-HttpClient/4.5.14 (Java/11.0.28)
2 > Accept-Encoding: gzip,deflate
{"id":852165,"category":{"id":1,"name":"Automation Test Category"},"name":"Updated Pet - 852165 - SOLD","photoUrls":["https:\/\/example.com\/photos\/pet-852165.jpg"],"tags":[{"id":100,"name":"automated-test"}],"status":"sold"}

22:14:12.616 [main] DEBUG org.apache.http.impl.conn.PoolingHttpClientConnectionManager -- Connection request: [route: {s}->https://petstore.swagger.io:443][total available: 0; route allocated: 0 of 5; total allocated: 0 of 10]
22:14:12.617 [main] DEBUG org.apache.http.impl.conn.PoolingHttpClientConnectionManager -- Connection leased: [id: 4][route: {s}->https://petstore.swagger.io:443][total available: 0; route allocated: 1 of 5; total allocated: 1 of 10]
22:14:12.617 [main] DEBUG org.apache.http.impl.execchain.MainClientExec -- Opening connection {s}->https://petstore.swagger.io:443
22:14:12.617 [main] DEBUG org.apache.http.impl.conn.DefaultHttpClientConnectionOperator -- Connecting to petstore.swagger.io/44.212.192.106:443
22:14:12.617 [main] DEBUG org.apache.http.conn.ssl.LenientSslConnectionSocketFactory -- Connecting socket to petstore.swagger.io/44.212.192.106:443 with timeout 10000
22:14:12.709 [main] DEBUG org.apache.http.conn.ssl.LenientSslConnectionSocketFactory -- Enabled protocols: [TLSv1.3, TLSv1.2]
22:14:12.709 [main] DEBUG org.apache.http.conn.ssl.LenientSslConnectionSocketFactory -- Enabled cipher suites:[TLS_AES_256_GCM_SHA384, TLS_AES_128_GCM_SHA256, TLS_CHACHA20_POLY1305_SHA256, TLS_ECDHE_ECDSA_WITH_AES_256_GCM_SHA384, TLS_ECDHE_ECDSA_WITH_AES_128_GCM_SHA256, TLS_ECDHE_ECDSA_WITH_CHACHA20_POLY1305_SHA256, TLS_ECDHE_RSA_WITH_AES_256_GCM_SHA384, TLS_ECDHE_RSA_WITH_CHACHA20_POLY1305_SHA256, TLS_ECDHE_RSA_WITH_AES_128_GCM_SHA256, TLS_DHE_RSA_WITH_AES_256_GCM_SHA384, TLS_DHE_RSA_WITH_CHACHA20_POLY1305_SHA256, TLS_DHE_DSS_WITH_AES_256_GCM_SHA384, TLS_DHE_RSA_WITH_AES_128_GCM_SHA256, TLS_DHE_DSS_WITH_AES_128_GCM_SHA256, TLS_ECDHE_ECDSA_WITH_AES_256_CBC_SHA384, TLS_ECDHE_RSA_WITH_AES_256_CBC_SHA384, TLS_ECDHE_ECDSA_WITH_AES_128_CBC_SHA256, TLS_ECDHE_RSA_WITH_AES_128_CBC_SHA256, TLS_DHE_RSA_WITH_AES_256_CBC_SHA256, TLS_DHE_DSS_WITH_AES_256_CBC_SHA256, TLS_DHE_RSA_WITH_AES_128_CBC_SHA256, TLS_DHE_DSS_WITH_AES_128_CBC_SHA256, TLS_ECDHE_ECDSA_WITH_AES_256_CBC_SHA, TLS_ECDHE_RSA_WITH_AES_256_CBC_SHA, TLS_ECDHE_ECDSA_WITH_AES_128_CBC_SHA, TLS_ECDHE_RSA_WITH_AES_128_CBC_SHA, TLS_DHE_RSA_WITH_AES_256_CBC_SHA, TLS_DHE_DSS_WITH_AES_256_CBC_SHA, TLS_DHE_RSA_WITH_AES_128_CBC_SHA, TLS_DHE_DSS_WITH_AES_128_CBC_SHA, TLS_RSA_WITH_AES_256_GCM_SHA384, TLS_RSA_WITH_AES_128_GCM_SHA256, TLS_RSA_WITH_AES_256_CBC_SHA256, TLS_RSA_WITH_AES_128_CBC_SHA256, TLS_RSA_WITH_AES_256_CBC_SHA, TLS_RSA_WITH_AES_128_CBC_SHA, TLS_EMPTY_RENEGOTIATION_INFO_SCSV]
22:14:12.709 [main] DEBUG org.apache.http.conn.ssl.LenientSslConnectionSocketFactory -- Starting handshake
22:14:12.805 [main] DEBUG org.apache.http.conn.ssl.LenientSslConnectionSocketFactory -- Secure session established
22:14:12.805 [main] DEBUG org.apache.http.conn.ssl.LenientSslConnectionSocketFactory --  negotiated protocol: TLSv1.2
22:14:12.805 [main] DEBUG org.apache.http.conn.ssl.LenientSslConnectionSocketFactory --  negotiated cipher suite: TLS_ECDHE_RSA_WITH_AES_128_GCM_SHA256
22:14:12.805 [main] DEBUG org.apache.http.conn.ssl.LenientSslConnectionSocketFactory --  peer principal: CN=*.swagger.io
22:14:12.805 [main] DEBUG org.apache.http.conn.ssl.LenientSslConnectionSocketFactory --  peer alternative names: [*.swagger.io]
22:14:12.805 [main] DEBUG org.apache.http.conn.ssl.LenientSslConnectionSocketFactory --  issuer principal: CN=Amazon RSA 2048 M02, O=Amazon, C=US
22:14:12.805 [main] DEBUG org.apache.http.impl.conn.DefaultHttpClientConnectionOperator -- Connection established 192.168.100.24:58912<->44.212.192.106:443
22:14:12.805 [main] DEBUG org.apache.http.impl.conn.DefaultManagedHttpClientConnection -- http-outgoing-4: set socket timeout to 10000
22:14:12.805 [main] DEBUG org.apache.http.impl.execchain.MainClientExec -- Executing request PUT /v2/pet HTTP/1.1
22:14:12.805 [main] DEBUG org.apache.http.impl.execchain.MainClientExec -- Target auth state: UNCHALLENGED
22:14:12.805 [main] DEBUG org.apache.http.impl.execchain.MainClientExec -- Proxy auth state: UNCHALLENGED
22:14:12.805 [main] DEBUG org.apache.http.headers -- http-outgoing-4 >> PUT /v2/pet HTTP/1.1
22:14:12.806 [main] DEBUG org.apache.http.headers -- http-outgoing-4 >> Content-Type: application/json; charset=UTF-8
22:14:12.806 [main] DEBUG org.apache.http.headers -- http-outgoing-4 >> Content-Length: 226
22:14:12.806 [main] DEBUG org.apache.http.headers -- http-outgoing-4 >> Host: petstore.swagger.io
22:14:12.806 [main] DEBUG org.apache.http.headers -- http-outgoing-4 >> Connection: Keep-Alive
22:14:12.806 [main] DEBUG org.apache.http.headers -- http-outgoing-4 >> User-Agent: Apache-HttpClient/4.5.14 (Java/11.0.28)
22:14:12.806 [main] DEBUG org.apache.http.headers -- http-outgoing-4 >> Accept-Encoding: gzip,deflate
22:14:12.806 [main] DEBUG org.apache.http.wire -- http-outgoing-4 >> "PUT /v2/pet HTTP/1.1[\r][\n]"
22:14:12.806 [main] DEBUG org.apache.http.wire -- http-outgoing-4 >> "Content-Type: application/json; charset=UTF-8[\r][\n]"
22:14:12.806 [main] DEBUG org.apache.http.wire -- http-outgoing-4 >> "Content-Length: 226[\r][\n]"
22:14:12.806 [main] DEBUG org.apache.http.wire -- http-outgoing-4 >> "Host: petstore.swagger.io[\r][\n]"
22:14:12.806 [main] DEBUG org.apache.http.wire -- http-outgoing-4 >> "Connection: Keep-Alive[\r][\n]"
22:14:12.806 [main] DEBUG org.apache.http.wire -- http-outgoing-4 >> "User-Agent: Apache-HttpClient/4.5.14 (Java/11.0.28)[\r][\n]"
22:14:12.806 [main] DEBUG org.apache.http.wire -- http-outgoing-4 >> "Accept-Encoding: gzip,deflate[\r][\n]"
22:14:12.806 [main] DEBUG org.apache.http.wire -- http-outgoing-4 >> "[\r][\n]"
22:14:12.806 [main] DEBUG org.apache.http.wire -- http-outgoing-4 >> "{"id":852165,"category":{"id":1,"name":"Automation Test Category"},"name":"Updated Pet - 852165 - SOLD","photoUrls":["https:\/\/example.com\/photos\/pet-852165.jpg"],"tags":[{"id":100,"name":"automated-test"}],"status":"sold"}"
22:14:12.900 [main] DEBUG org.apache.http.wire -- http-outgoing-4 << "HTTP/1.1 200 OK[\r][\n]"
22:14:12.900 [main] DEBUG org.apache.http.wire -- http-outgoing-4 << "Date: Sat, 27 Sep 2025 03:14:12 GMT[\r][\n]"
22:14:12.900 [main] DEBUG org.apache.http.wire -- http-outgoing-4 << "Content-Type: application/json[\r][\n]"
22:14:12.900 [main] DEBUG org.apache.http.wire -- http-outgoing-4 << "Transfer-Encoding: chunked[\r][\n]"
22:14:12.900 [main] DEBUG org.apache.http.wire -- http-outgoing-4 << "Connection: keep-alive[\r][\n]"
22:14:12.900 [main] DEBUG org.apache.http.wire -- http-outgoing-4 << "Access-Control-Allow-Origin: *[\r][\n]"
22:14:12.900 [main] DEBUG org.apache.http.wire -- http-outgoing-4 << "Access-Control-Allow-Methods: GET, POST, DELETE, PUT[\r][\n]"
22:14:12.900 [main] DEBUG org.apache.http.wire -- http-outgoing-4 << "Access-Control-Allow-Headers: Content-Type, api_key, Authorization[\r][\n]"
22:14:12.900 [main] DEBUG org.apache.http.wire -- http-outgoing-4 << "Server: Jetty(9.2.9.v20150224)[\r][\n]"
22:14:12.900 [main] DEBUG org.apache.http.wire -- http-outgoing-4 << "[\r][\n]"
22:14:12.900 [main] DEBUG org.apache.http.wire -- http-outgoing-4 << "de[\r][\n]"
22:14:12.900 [main] DEBUG org.apache.http.wire -- http-outgoing-4 << "{"id":852165,"category":{"id":1,"name":"Automation Test Category"},"name":"Updated Pet - 852165 - SOLD","photoUrls":["https://example.com/photos/pet-852165.jpg"],"tags":[{"id":100,"name":"automated-test"}],"status":"sold"}[\r][\n]"
22:14:12.900 [main] DEBUG org.apache.http.headers -- http-outgoing-4 << HTTP/1.1 200 OK
22:14:12.900 [main] DEBUG org.apache.http.headers -- http-outgoing-4 << Date: Sat, 27 Sep 2025 03:14:12 GMT
22:14:12.900 [main] DEBUG org.apache.http.headers -- http-outgoing-4 << Content-Type: application/json
22:14:12.900 [main] DEBUG org.apache.http.headers -- http-outgoing-4 << Transfer-Encoding: chunked
22:14:12.900 [main] DEBUG org.apache.http.headers -- http-outgoing-4 << Connection: keep-alive
22:14:12.900 [main] DEBUG org.apache.http.headers -- http-outgoing-4 << Access-Control-Allow-Origin: *
22:14:12.900 [main] DEBUG org.apache.http.headers -- http-outgoing-4 << Access-Control-Allow-Methods: GET, POST, DELETE, PUT
22:14:12.901 [main] DEBUG org.apache.http.headers -- http-outgoing-4 << Access-Control-Allow-Headers: Content-Type, api_key, Authorization
22:14:12.901 [main] DEBUG org.apache.http.headers -- http-outgoing-4 << Server: Jetty(9.2.9.v20150224)
22:14:12.901 [main] DEBUG org.apache.http.impl.execchain.MainClientExec -- Connection can be kept alive indefinitely
22:14:12.901 [main] DEBUG org.apache.http.wire -- http-outgoing-4 << "0[\r][\n]"
22:14:12.901 [main] DEBUG org.apache.http.wire -- http-outgoing-4 << "[\r][\n]"
22:14:12.901 [main] DEBUG org.apache.http.impl.conn.PoolingHttpClientConnectionManager -- Connection [id: 4][route: {s}->https://petstore.swagger.io:443] can be kept alive indefinitely
22:14:12.901 [main] DEBUG org.apache.http.impl.conn.DefaultManagedHttpClientConnection -- http-outgoing-4: set socket timeout to 0
22:14:12.901 [main] DEBUG org.apache.http.impl.conn.PoolingHttpClientConnectionManager -- Connection released: [id: 4][route: {s}->https://petstore.swagger.io:443][total available: 1; route allocated: 1 of 5; total allocated: 1 of 10]
22:14:12.901 [main] DEBUG org.apache.http.impl.conn.PoolingHttpClientConnectionManager -- Connection manager is shutting down
22:14:12.901 [main] DEBUG org.apache.http.impl.conn.DefaultManagedHttpClientConnection -- http-outgoing-4: Close connection
22:14:12.902 [main] DEBUG org.apache.http.impl.conn.PoolingHttpClientConnectionManager -- Connection manager shut down
22:14:12.902 [main] DEBUG com.intuit.karate -- response time in milliseconds: 285
2 < 200
2 < Date: Sat, 27 Sep 2025 03:14:12 GMT
2 < Content-Type: application/json
2 < Transfer-Encoding: chunked
2 < Connection: keep-alive
2 < Access-Control-Allow-Origin: *
2 < Access-Control-Allow-Methods: GET, POST, DELETE, PUT
2 < Access-Control-Allow-Headers: Content-Type, api_key, Authorization
2 < Server: Jetty(9.2.9.v20150224)
{"id":852165,"category":{"id":1,"name":"Automation Test Category"},"name":"Updated Pet - 852165 - SOLD","photoUrls":["https://example.com/photos/pet-852165.jpg"],"tags":[{"id":100,"name":"automated-test"}],"status":"sold"}

22:14:12.904 [main] DEBUG com.jayway.jsonpath.internal.path.CompiledPath -- Evaluating path: $['id']
22:14:12.906 [main] DEBUG com.jayway.jsonpath.internal.path.CompiledPath -- Evaluating path: $['name']
22:14:12.907 [main] DEBUG com.jayway.jsonpath.internal.path.CompiledPath -- Evaluating path: $['status']
22:14:12.908 [main] DEBUG com.jayway.jsonpath.internal.path.CompiledPath -- Evaluating path: $['category']
22:14:12.909 [main] DEBUG com.jayway.jsonpath.internal.path.CompiledPath -- Evaluating path: $['tags']
22:14:12.912 [main] DEBUG com.jayway.jsonpath.internal.path.CompiledPath -- Evaluating path: $['photoUrls']
]]></system-out>
  </testcase>
  <testcase name="[4:173] GET /pet/findByStatus - Query pets by business status filter" classname="petstore/petstore-tests" time="3.986">
    <system-out><![CDATA[22:14:12.932 [main] INFO com.intuit.karate -- Running tests against PetStore Demo API in environment: demo 
22:14:12.949 [main] DEBUG org.apache.http.client.protocol.RequestAddCookies -- CookieSpec selected: karate
22:14:12.949 [main] DEBUG org.apache.http.client.protocol.RequestAuthCache -- Auth cache not set in the context
22:14:12.949 [main] DEBUG com.intuit.karate -- request:
1 > POST https://petstore.swagger.io/v2/pet
1 > Content-Type: application/json; charset=UTF-8
1 > Content-Length: 234
1 > Host: petstore.swagger.io
1 > Connection: Keep-Alive
1 > User-Agent: Apache-HttpClient/4.5.14 (Java/11.0.28)
1 > Accept-Encoding: gzip,deflate
{"id":852943,"category":{"id":1,"name":"Automation Test Category"},"name":"Status Query Test Pet - 852943","photoUrls":["https:\/\/example.com\/photos\/pet-852943.jpg"],"tags":[{"id":100,"name":"automated-test"}],"status":"available"}

22:14:12.949 [main] DEBUG org.apache.http.impl.conn.PoolingHttpClientConnectionManager -- Connection request: [route: {s}->https://petstore.swagger.io:443][total available: 0; route allocated: 0 of 5; total allocated: 0 of 10]
22:14:12.949 [main] DEBUG org.apache.http.impl.conn.PoolingHttpClientConnectionManager -- Connection leased: [id: 5][route: {s}->https://petstore.swagger.io:443][total available: 0; route allocated: 1 of 5; total allocated: 1 of 10]
22:14:12.949 [main] DEBUG org.apache.http.impl.execchain.MainClientExec -- Opening connection {s}->https://petstore.swagger.io:443
22:14:12.950 [main] DEBUG org.apache.http.impl.conn.DefaultHttpClientConnectionOperator -- Connecting to petstore.swagger.io/44.212.192.106:443
22:14:12.950 [main] DEBUG org.apache.http.conn.ssl.LenientSslConnectionSocketFactory -- Connecting socket to petstore.swagger.io/44.212.192.106:443 with timeout 10000
22:14:13.053 [main] DEBUG org.apache.http.conn.ssl.LenientSslConnectionSocketFactory -- Enabled protocols: [TLSv1.3, TLSv1.2]
22:14:13.053 [main] DEBUG org.apache.http.conn.ssl.LenientSslConnectionSocketFactory -- Enabled cipher suites:[TLS_AES_256_GCM_SHA384, TLS_AES_128_GCM_SHA256, TLS_CHACHA20_POLY1305_SHA256, TLS_ECDHE_ECDSA_WITH_AES_256_GCM_SHA384, TLS_ECDHE_ECDSA_WITH_AES_128_GCM_SHA256, TLS_ECDHE_ECDSA_WITH_CHACHA20_POLY1305_SHA256, TLS_ECDHE_RSA_WITH_AES_256_GCM_SHA384, TLS_ECDHE_RSA_WITH_CHACHA20_POLY1305_SHA256, TLS_ECDHE_RSA_WITH_AES_128_GCM_SHA256, TLS_DHE_RSA_WITH_AES_256_GCM_SHA384, TLS_DHE_RSA_WITH_CHACHA20_POLY1305_SHA256, TLS_DHE_DSS_WITH_AES_256_GCM_SHA384, TLS_DHE_RSA_WITH_AES_128_GCM_SHA256, TLS_DHE_DSS_WITH_AES_128_GCM_SHA256, TLS_ECDHE_ECDSA_WITH_AES_256_CBC_SHA384, TLS_ECDHE_RSA_WITH_AES_256_CBC_SHA384, TLS_ECDHE_ECDSA_WITH_AES_128_CBC_SHA256, TLS_ECDHE_RSA_WITH_AES_128_CBC_SHA256, TLS_DHE_RSA_WITH_AES_256_CBC_SHA256, TLS_DHE_DSS_WITH_AES_256_CBC_SHA256, TLS_DHE_RSA_WITH_AES_128_CBC_SHA256, TLS_DHE_DSS_WITH_AES_128_CBC_SHA256, TLS_ECDHE_ECDSA_WITH_AES_256_CBC_SHA, TLS_ECDHE_RSA_WITH_AES_256_CBC_SHA, TLS_ECDHE_ECDSA_WITH_AES_128_CBC_SHA, TLS_ECDHE_RSA_WITH_AES_128_CBC_SHA, TLS_DHE_RSA_WITH_AES_256_CBC_SHA, TLS_DHE_DSS_WITH_AES_256_CBC_SHA, TLS_DHE_RSA_WITH_AES_128_CBC_SHA, TLS_DHE_DSS_WITH_AES_128_CBC_SHA, TLS_RSA_WITH_AES_256_GCM_SHA384, TLS_RSA_WITH_AES_128_GCM_SHA256, TLS_RSA_WITH_AES_256_CBC_SHA256, TLS_RSA_WITH_AES_128_CBC_SHA256, TLS_RSA_WITH_AES_256_CBC_SHA, TLS_RSA_WITH_AES_128_CBC_SHA, TLS_EMPTY_RENEGOTIATION_INFO_SCSV]
22:14:13.053 [main] DEBUG org.apache.http.conn.ssl.LenientSslConnectionSocketFactory -- Starting handshake
22:14:13.268 [main] DEBUG org.apache.http.conn.ssl.LenientSslConnectionSocketFactory -- Secure session established
22:14:13.268 [main] DEBUG org.apache.http.conn.ssl.LenientSslConnectionSocketFactory --  negotiated protocol: TLSv1.2
22:14:13.268 [main] DEBUG org.apache.http.conn.ssl.LenientSslConnectionSocketFactory --  negotiated cipher suite: TLS_ECDHE_RSA_WITH_AES_128_GCM_SHA256
22:14:13.268 [main] DEBUG org.apache.http.conn.ssl.LenientSslConnectionSocketFactory --  peer principal: CN=*.swagger.io
22:14:13.268 [main] DEBUG org.apache.http.conn.ssl.LenientSslConnectionSocketFactory --  peer alternative names: [*.swagger.io]
22:14:13.268 [main] DEBUG org.apache.http.conn.ssl.LenientSslConnectionSocketFactory --  issuer principal: CN=Amazon RSA 2048 M02, O=Amazon, C=US
22:14:13.268 [main] DEBUG org.apache.http.impl.conn.DefaultHttpClientConnectionOperator -- Connection established 192.168.100.24:58913<->44.212.192.106:443
22:14:13.268 [main] DEBUG org.apache.http.impl.conn.DefaultManagedHttpClientConnection -- http-outgoing-5: set socket timeout to 10000
22:14:13.268 [main] DEBUG org.apache.http.impl.execchain.MainClientExec -- Executing request POST /v2/pet HTTP/1.1
22:14:13.268 [main] DEBUG org.apache.http.impl.execchain.MainClientExec -- Target auth state: UNCHALLENGED
22:14:13.268 [main] DEBUG org.apache.http.impl.execchain.MainClientExec -- Proxy auth state: UNCHALLENGED
22:14:13.268 [main] DEBUG org.apache.http.headers -- http-outgoing-5 >> POST /v2/pet HTTP/1.1
22:14:13.269 [main] DEBUG org.apache.http.headers -- http-outgoing-5 >> Content-Type: application/json; charset=UTF-8
22:14:13.269 [main] DEBUG org.apache.http.headers -- http-outgoing-5 >> Content-Length: 234
22:14:13.269 [main] DEBUG org.apache.http.headers -- http-outgoing-5 >> Host: petstore.swagger.io
22:14:13.269 [main] DEBUG org.apache.http.headers -- http-outgoing-5 >> Connection: Keep-Alive
22:14:13.269 [main] DEBUG org.apache.http.headers -- http-outgoing-5 >> User-Agent: Apache-HttpClient/4.5.14 (Java/11.0.28)
22:14:13.269 [main] DEBUG org.apache.http.headers -- http-outgoing-5 >> Accept-Encoding: gzip,deflate
22:14:13.269 [main] DEBUG org.apache.http.wire -- http-outgoing-5 >> "POST /v2/pet HTTP/1.1[\r][\n]"
22:14:13.269 [main] DEBUG org.apache.http.wire -- http-outgoing-5 >> "Content-Type: application/json; charset=UTF-8[\r][\n]"
22:14:13.269 [main] DEBUG org.apache.http.wire -- http-outgoing-5 >> "Content-Length: 234[\r][\n]"
22:14:13.269 [main] DEBUG org.apache.http.wire -- http-outgoing-5 >> "Host: petstore.swagger.io[\r][\n]"
22:14:13.269 [main] DEBUG org.apache.http.wire -- http-outgoing-5 >> "Connection: Keep-Alive[\r][\n]"
22:14:13.269 [main] DEBUG org.apache.http.wire -- http-outgoing-5 >> "User-Agent: Apache-HttpClient/4.5.14 (Java/11.0.28)[\r][\n]"
22:14:13.269 [main] DEBUG org.apache.http.wire -- http-outgoing-5 >> "Accept-Encoding: gzip,deflate[\r][\n]"
22:14:13.269 [main] DEBUG org.apache.http.wire -- http-outgoing-5 >> "[\r][\n]"
22:14:13.269 [main] DEBUG org.apache.http.wire -- http-outgoing-5 >> "{"id":852943,"category":{"id":1,"name":"Automation Test Category"},"name":"Status Query Test Pet - 852943","photoUrls":["https:\/\/example.com\/photos\/pet-852943.jpg"],"tags":[{"id":100,"name":"automated-test"}],"status":"available"}"
22:14:13.375 [main] DEBUG org.apache.http.wire -- http-outgoing-5 << "HTTP/1.1 200 OK[\r][\n]"
22:14:13.375 [main] DEBUG org.apache.http.wire -- http-outgoing-5 << "Date: Sat, 27 Sep 2025 03:14:12 GMT[\r][\n]"
22:14:13.376 [main] DEBUG org.apache.http.wire -- http-outgoing-5 << "Content-Type: application/json[\r][\n]"
22:14:13.376 [main] DEBUG org.apache.http.wire -- http-outgoing-5 << "Transfer-Encoding: chunked[\r][\n]"
22:14:13.376 [main] DEBUG org.apache.http.wire -- http-outgoing-5 << "Connection: keep-alive[\r][\n]"
22:14:13.376 [main] DEBUG org.apache.http.wire -- http-outgoing-5 << "Access-Control-Allow-Origin: *[\r][\n]"
22:14:13.376 [main] DEBUG org.apache.http.wire -- http-outgoing-5 << "Access-Control-Allow-Methods: GET, POST, DELETE, PUT[\r][\n]"
22:14:13.376 [main] DEBUG org.apache.http.wire -- http-outgoing-5 << "Access-Control-Allow-Headers: Content-Type, api_key, Authorization[\r][\n]"
22:14:13.376 [main] DEBUG org.apache.http.wire -- http-outgoing-5 << "Server: Jetty(9.2.9.v20150224)[\r][\n]"
22:14:13.376 [main] DEBUG org.apache.http.wire -- http-outgoing-5 << "[\r][\n]"
22:14:13.376 [main] DEBUG org.apache.http.wire -- http-outgoing-5 << "e6[\r][\n]"
22:14:13.376 [main] DEBUG org.apache.http.wire -- http-outgoing-5 << "{"id":852943,"category":{"id":1,"name":"Automation Test Category"},"name":"Status Query Test Pet - 852943","photoUrls":["https://example.com/photos/pet-852943.jpg"],"tags":[{"id":100,"name":"automated-test"}],"status":"available"}[\r][\n]"
22:14:13.376 [main] DEBUG org.apache.http.headers -- http-outgoing-5 << HTTP/1.1 200 OK
22:14:13.376 [main] DEBUG org.apache.http.headers -- http-outgoing-5 << Date: Sat, 27 Sep 2025 03:14:12 GMT
22:14:13.376 [main] DEBUG org.apache.http.headers -- http-outgoing-5 << Content-Type: application/json
22:14:13.376 [main] DEBUG org.apache.http.headers -- http-outgoing-5 << Transfer-Encoding: chunked
22:14:13.376 [main] DEBUG org.apache.http.headers -- http-outgoing-5 << Connection: keep-alive
22:14:13.376 [main] DEBUG org.apache.http.headers -- http-outgoing-5 << Access-Control-Allow-Origin: *
22:14:13.376 [main] DEBUG org.apache.http.headers -- http-outgoing-5 << Access-Control-Allow-Methods: GET, POST, DELETE, PUT
22:14:13.376 [main] DEBUG org.apache.http.headers -- http-outgoing-5 << Access-Control-Allow-Headers: Content-Type, api_key, Authorization
22:14:13.376 [main] DEBUG org.apache.http.headers -- http-outgoing-5 << Server: Jetty(9.2.9.v20150224)
22:14:13.376 [main] DEBUG org.apache.http.impl.execchain.MainClientExec -- Connection can be kept alive indefinitely
22:14:13.376 [main] DEBUG org.apache.http.wire -- http-outgoing-5 << "0[\r][\n]"
22:14:13.376 [main] DEBUG org.apache.http.wire -- http-outgoing-5 << "[\r][\n]"
22:14:13.377 [main] DEBUG org.apache.http.impl.conn.PoolingHttpClientConnectionManager -- Connection [id: 5][route: {s}->https://petstore.swagger.io:443] can be kept alive indefinitely
22:14:13.377 [main] DEBUG org.apache.http.impl.conn.DefaultManagedHttpClientConnection -- http-outgoing-5: set socket timeout to 0
22:14:13.377 [main] DEBUG org.apache.http.impl.conn.PoolingHttpClientConnectionManager -- Connection released: [id: 5][route: {s}->https://petstore.swagger.io:443][total available: 1; route allocated: 1 of 5; total allocated: 1 of 10]
22:14:13.377 [main] DEBUG org.apache.http.impl.conn.PoolingHttpClientConnectionManager -- Connection manager is shutting down
22:14:13.377 [main] DEBUG org.apache.http.impl.conn.DefaultManagedHttpClientConnection -- http-outgoing-5: Close connection
22:14:13.377 [main] DEBUG org.apache.http.impl.conn.PoolingHttpClientConnectionManager -- Connection manager shut down
22:14:13.377 [main] DEBUG com.intuit.karate -- response time in milliseconds: 428
1 < 200
1 < Date: Sat, 27 Sep 2025 03:14:12 GMT
1 < Content-Type: application/json
1 < Transfer-Encoding: chunked
1 < Connection: keep-alive
1 < Access-Control-Allow-Origin: *
1 < Access-Control-Allow-Methods: GET, POST, DELETE, PUT
1 < Access-Control-Allow-Headers: Content-Type, api_key, Authorization
1 < Server: Jetty(9.2.9.v20150224)
{"id":852943,"category":{"id":1,"name":"Automation Test Category"},"name":"Status Query Test Pet - 852943","photoUrls":["https://example.com/photos/pet-852943.jpg"],"tags":[{"id":100,"name":"automated-test"}],"status":"available"}

22:14:13.383 [main] DEBUG org.apache.http.client.protocol.RequestAddCookies -- CookieSpec selected: karate
22:14:13.383 [main] DEBUG org.apache.http.client.protocol.RequestAuthCache -- Auth cache not set in the context
22:14:13.383 [main] DEBUG com.intuit.karate -- request:
2 > PUT https://petstore.swagger.io/v2/pet
2 > Content-Type: application/json; charset=UTF-8
2 > Content-Length: 229
2 > Host: petstore.swagger.io
2 > Connection: Keep-Alive
2 > User-Agent: Apache-HttpClient/4.5.14 (Java/11.0.28)
2 > Accept-Encoding: gzip,deflate
{"id":852943,"category":{"id":1,"name":"Automation Test Category"},"name":"Status Query Test Pet - 852943","photoUrls":["https:\/\/example.com\/photos\/pet-852943.jpg"],"tags":[{"id":100,"name":"automated-test"}],"status":"sold"}

22:14:13.384 [main] DEBUG org.apache.http.impl.conn.PoolingHttpClientConnectionManager -- Connection request: [route: {s}->https://petstore.swagger.io:443][total available: 0; route allocated: 0 of 5; total allocated: 0 of 10]
22:14:13.384 [main] DEBUG org.apache.http.impl.conn.PoolingHttpClientConnectionManager -- Connection leased: [id: 6][route: {s}->https://petstore.swagger.io:443][total available: 0; route allocated: 1 of 5; total allocated: 1 of 10]
22:14:13.384 [main] DEBUG org.apache.http.impl.execchain.MainClientExec -- Opening connection {s}->https://petstore.swagger.io:443
22:14:13.384 [main] DEBUG org.apache.http.impl.conn.DefaultHttpClientConnectionOperator -- Connecting to petstore.swagger.io/44.212.192.106:443
22:14:13.384 [main] DEBUG org.apache.http.conn.ssl.LenientSslConnectionSocketFactory -- Connecting socket to petstore.swagger.io/44.212.192.106:443 with timeout 10000
22:14:13.474 [main] DEBUG org.apache.http.conn.ssl.LenientSslConnectionSocketFactory -- Enabled protocols: [TLSv1.3, TLSv1.2]
22:14:13.474 [main] DEBUG org.apache.http.conn.ssl.LenientSslConnectionSocketFactory -- Enabled cipher suites:[TLS_AES_256_GCM_SHA384, TLS_AES_128_GCM_SHA256, TLS_CHACHA20_POLY1305_SHA256, TLS_ECDHE_ECDSA_WITH_AES_256_GCM_SHA384, TLS_ECDHE_ECDSA_WITH_AES_128_GCM_SHA256, TLS_ECDHE_ECDSA_WITH_CHACHA20_POLY1305_SHA256, TLS_ECDHE_RSA_WITH_AES_256_GCM_SHA384, TLS_ECDHE_RSA_WITH_CHACHA20_POLY1305_SHA256, TLS_ECDHE_RSA_WITH_AES_128_GCM_SHA256, TLS_DHE_RSA_WITH_AES_256_GCM_SHA384, TLS_DHE_RSA_WITH_CHACHA20_POLY1305_SHA256, TLS_DHE_DSS_WITH_AES_256_GCM_SHA384, TLS_DHE_RSA_WITH_AES_128_GCM_SHA256, TLS_DHE_DSS_WITH_AES_128_GCM_SHA256, TLS_ECDHE_ECDSA_WITH_AES_256_CBC_SHA384, TLS_ECDHE_RSA_WITH_AES_256_CBC_SHA384, TLS_ECDHE_ECDSA_WITH_AES_128_CBC_SHA256, TLS_ECDHE_RSA_WITH_AES_128_CBC_SHA256, TLS_DHE_RSA_WITH_AES_256_CBC_SHA256, TLS_DHE_DSS_WITH_AES_256_CBC_SHA256, TLS_DHE_RSA_WITH_AES_128_CBC_SHA256, TLS_DHE_DSS_WITH_AES_128_CBC_SHA256, TLS_ECDHE_ECDSA_WITH_AES_256_CBC_SHA, TLS_ECDHE_RSA_WITH_AES_256_CBC_SHA, TLS_ECDHE_ECDSA_WITH_AES_128_CBC_SHA, TLS_ECDHE_RSA_WITH_AES_128_CBC_SHA, TLS_DHE_RSA_WITH_AES_256_CBC_SHA, TLS_DHE_DSS_WITH_AES_256_CBC_SHA, TLS_DHE_RSA_WITH_AES_128_CBC_SHA, TLS_DHE_DSS_WITH_AES_128_CBC_SHA, TLS_RSA_WITH_AES_256_GCM_SHA384, TLS_RSA_WITH_AES_128_GCM_SHA256, TLS_RSA_WITH_AES_256_CBC_SHA256, TLS_RSA_WITH_AES_128_CBC_SHA256, TLS_RSA_WITH_AES_256_CBC_SHA, TLS_RSA_WITH_AES_128_CBC_SHA, TLS_EMPTY_RENEGOTIATION_INFO_SCSV]
22:14:13.474 [main] DEBUG org.apache.http.conn.ssl.LenientSslConnectionSocketFactory -- Starting handshake
22:14:13.567 [main] DEBUG org.apache.http.conn.ssl.LenientSslConnectionSocketFactory -- Secure session established
22:14:13.567 [main] DEBUG org.apache.http.conn.ssl.LenientSslConnectionSocketFactory --  negotiated protocol: TLSv1.2
22:14:13.567 [main] DEBUG org.apache.http.conn.ssl.LenientSslConnectionSocketFactory --  negotiated cipher suite: TLS_ECDHE_RSA_WITH_AES_128_GCM_SHA256
22:14:13.567 [main] DEBUG org.apache.http.conn.ssl.LenientSslConnectionSocketFactory --  peer principal: CN=*.swagger.io
22:14:13.567 [main] DEBUG org.apache.http.conn.ssl.LenientSslConnectionSocketFactory --  peer alternative names: [*.swagger.io]
22:14:13.567 [main] DEBUG org.apache.http.conn.ssl.LenientSslConnectionSocketFactory --  issuer principal: CN=Amazon RSA 2048 M02, O=Amazon, C=US
22:14:13.567 [main] DEBUG org.apache.http.impl.conn.DefaultHttpClientConnectionOperator -- Connection established 192.168.100.24:58914<->44.212.192.106:443
22:14:13.567 [main] DEBUG org.apache.http.impl.conn.DefaultManagedHttpClientConnection -- http-outgoing-6: set socket timeout to 10000
22:14:13.567 [main] DEBUG org.apache.http.impl.execchain.MainClientExec -- Executing request PUT /v2/pet HTTP/1.1
22:14:13.567 [main] DEBUG org.apache.http.impl.execchain.MainClientExec -- Target auth state: UNCHALLENGED
22:14:13.567 [main] DEBUG org.apache.http.impl.execchain.MainClientExec -- Proxy auth state: UNCHALLENGED
22:14:13.567 [main] DEBUG org.apache.http.headers -- http-outgoing-6 >> PUT /v2/pet HTTP/1.1
22:14:13.567 [main] DEBUG org.apache.http.headers -- http-outgoing-6 >> Content-Type: application/json; charset=UTF-8
22:14:13.567 [main] DEBUG org.apache.http.headers -- http-outgoing-6 >> Content-Length: 229
22:14:13.567 [main] DEBUG org.apache.http.headers -- http-outgoing-6 >> Host: petstore.swagger.io
22:14:13.567 [main] DEBUG org.apache.http.headers -- http-outgoing-6 >> Connection: Keep-Alive
22:14:13.567 [main] DEBUG org.apache.http.headers -- http-outgoing-6 >> User-Agent: Apache-HttpClient/4.5.14 (Java/11.0.28)
22:14:13.567 [main] DEBUG org.apache.http.headers -- http-outgoing-6 >> Accept-Encoding: gzip,deflate
22:14:13.568 [main] DEBUG org.apache.http.wire -- http-outgoing-6 >> "PUT /v2/pet HTTP/1.1[\r][\n]"
22:14:13.568 [main] DEBUG org.apache.http.wire -- http-outgoing-6 >> "Content-Type: application/json; charset=UTF-8[\r][\n]"
22:14:13.568 [main] DEBUG org.apache.http.wire -- http-outgoing-6 >> "Content-Length: 229[\r][\n]"
22:14:13.568 [main] DEBUG org.apache.http.wire -- http-outgoing-6 >> "Host: petstore.swagger.io[\r][\n]"
22:14:13.568 [main] DEBUG org.apache.http.wire -- http-outgoing-6 >> "Connection: Keep-Alive[\r][\n]"
22:14:13.568 [main] DEBUG org.apache.http.wire -- http-outgoing-6 >> "User-Agent: Apache-HttpClient/4.5.14 (Java/11.0.28)[\r][\n]"
22:14:13.568 [main] DEBUG org.apache.http.wire -- http-outgoing-6 >> "Accept-Encoding: gzip,deflate[\r][\n]"
22:14:13.568 [main] DEBUG org.apache.http.wire -- http-outgoing-6 >> "[\r][\n]"
22:14:13.568 [main] DEBUG org.apache.http.wire -- http-outgoing-6 >> "{"id":852943,"category":{"id":1,"name":"Automation Test Category"},"name":"Status Query Test Pet - 852943","photoUrls":["https:\/\/example.com\/photos\/pet-852943.jpg"],"tags":[{"id":100,"name":"automated-test"}],"status":"sold"}"
22:14:13.659 [main] DEBUG org.apache.http.wire -- http-outgoing-6 << "HTTP/1.1 200 OK[\r][\n]"
22:14:13.659 [main] DEBUG org.apache.http.wire -- http-outgoing-6 << "Date: Sat, 27 Sep 2025 03:14:12 GMT[\r][\n]"
22:14:13.660 [main] DEBUG org.apache.http.wire -- http-outgoing-6 << "Content-Type: application/json[\r][\n]"
22:14:13.660 [main] DEBUG org.apache.http.wire -- http-outgoing-6 << "Transfer-Encoding: chunked[\r][\n]"
22:14:13.660 [main] DEBUG org.apache.http.wire -- http-outgoing-6 << "Connection: keep-alive[\r][\n]"
22:14:13.660 [main] DEBUG org.apache.http.wire -- http-outgoing-6 << "Access-Control-Allow-Origin: *[\r][\n]"
22:14:13.660 [main] DEBUG org.apache.http.wire -- http-outgoing-6 << "Access-Control-Allow-Methods: GET, POST, DELETE, PUT[\r][\n]"
22:14:13.660 [main] DEBUG org.apache.http.wire -- http-outgoing-6 << "Access-Control-Allow-Headers: Content-Type, api_key, Authorization[\r][\n]"
22:14:13.660 [main] DEBUG org.apache.http.wire -- http-outgoing-6 << "Server: Jetty(9.2.9.v20150224)[\r][\n]"
22:14:13.660 [main] DEBUG org.apache.http.wire -- http-outgoing-6 << "[\r][\n]"
22:14:13.660 [main] DEBUG org.apache.http.wire -- http-outgoing-6 << "e1[\r][\n]"
22:14:13.660 [main] DEBUG org.apache.http.wire -- http-outgoing-6 << "{"id":852943,"category":{"id":1,"name":"Automation Test Category"},"name":"Status Query Test Pet - 852943","photoUrls":["https://example.com/photos/pet-852943.jpg"],"tags":[{"id":100,"name":"automated-test"}],"status":"sold"}[\r][\n]"
22:14:13.660 [main] DEBUG org.apache.http.headers -- http-outgoing-6 << HTTP/1.1 200 OK
22:14:13.660 [main] DEBUG org.apache.http.headers -- http-outgoing-6 << Date: Sat, 27 Sep 2025 03:14:12 GMT
22:14:13.660 [main] DEBUG org.apache.http.headers -- http-outgoing-6 << Content-Type: application/json
22:14:13.660 [main] DEBUG org.apache.http.headers -- http-outgoing-6 << Transfer-Encoding: chunked
22:14:13.660 [main] DEBUG org.apache.http.headers -- http-outgoing-6 << Connection: keep-alive
22:14:13.660 [main] DEBUG org.apache.http.headers -- http-outgoing-6 << Access-Control-Allow-Origin: *
22:14:13.660 [main] DEBUG org.apache.http.headers -- http-outgoing-6 << Access-Control-Allow-Methods: GET, POST, DELETE, PUT
22:14:13.660 [main] DEBUG org.apache.http.headers -- http-outgoing-6 << Access-Control-Allow-Headers: Content-Type, api_key, Authorization
22:14:13.660 [main] DEBUG org.apache.http.headers -- http-outgoing-6 << Server: Jetty(9.2.9.v20150224)
22:14:13.660 [main] DEBUG org.apache.http.impl.execchain.MainClientExec -- Connection can be kept alive indefinitely
22:14:13.662 [main] DEBUG org.apache.http.wire -- http-outgoing-6 << "0[\r][\n]"
22:14:13.663 [main] DEBUG org.apache.http.wire -- http-outgoing-6 << "[\r][\n]"
22:14:13.663 [main] DEBUG org.apache.http.impl.conn.PoolingHttpClientConnectionManager -- Connection [id: 6][route: {s}->https://petstore.swagger.io:443] can be kept alive indefinitely
[...]
[THYMELEAF]             * [* {th:contenteditable,data-th-contenteditable}] [1000]: org.thymeleaf.standard.processor.StandardRemovableAttributeTagProcessor
[THYMELEAF]             * [* {th:class,data-th-class}] [1000]: org.thymeleaf.standard.processor.StandardRemovableAttributeTagProcessor
[THYMELEAF]             * [* {th:formaction,data-th-formaction}] [1000]: org.thymeleaf.standard.processor.StandardRemovableAttributeTagProcessor
[THYMELEAF]             * [* {th:optimum,data-th-optimum}] [1000]: org.thymeleaf.standard.processor.StandardRemovableAttributeTagProcessor
[THYMELEAF]             * [* {th:height,data-th-height}] [1000]: org.thymeleaf.standard.processor.StandardRemovableAttributeTagProcessor
[THYMELEAF]             * [* {th:hreflang,data-th-hreflang}] [1000]: org.thymeleaf.standard.processor.StandardRemovableAttributeTagProcessor
[THYMELEAF]             * [* {th:headers,data-th-headers}] [1000]: org.thymeleaf.standard.processor.StandardRemovableAttributeTagProcessor
[THYMELEAF]             * [* {th:accept,data-th-accept}] [1000]: org.thymeleaf.standard.processor.StandardRemovableAttributeTagProcessor
[THYMELEAF]             * [* {th:rows,data-th-rows}] [1000]: org.thymeleaf.standard.processor.StandardRemovableAttributeTagProcessor
[THYMELEAF]             * [* {th:size,data-th-size}] [1000]: org.thymeleaf.standard.processor.StandardRemovableAttributeTagProcessor
[THYMELEAF]             * [* {th:spellcheck,data-th-spellcheck}] [1000]: org.thymeleaf.standard.processor.StandardRemovableAttributeTagProcessor
[THYMELEAF]             * [* {th:contextmenu,data-th-contextmenu}] [1000]: org.thymeleaf.standard.processor.StandardRemovableAttributeTagProcessor
[THYMELEAF]             * [* {th:keytype,data-th-keytype}] [1000]: org.thymeleaf.standard.processor.StandardRemovableAttributeTagProcessor
[THYMELEAF]             * [* {th:abbr,data-th-abbr}] [1000]: org.thymeleaf.standard.processor.StandardRemovableAttributeTagProcessor
[THYMELEAF]             * [* {th:rev,data-th-rev}] [1000]: org.thymeleaf.standard.processor.StandardRemovableAttributeTagProcessor
[THYMELEAF]             * [* {th:vspace,data-th-vspace}] [1000]: org.thymeleaf.standard.processor.StandardRemovableAttributeTagProcessor
[THYMELEAF]             * [* {th:label,data-th-label}] [1000]: org.thymeleaf.standard.processor.StandardRemovableAttributeTagProcessor
[THYMELEAF]             * [* {th:summary,data-th-summary}] [1000]: org.thymeleaf.standard.processor.StandardRemovableAttributeTagProcessor
[THYMELEAF]             * [* {th:cite,data-th-cite}] [1000]: org.thymeleaf.standard.processor.StandardRemovableAttributeTagProcessor
[THYMELEAF]             * [* {th:colspan,data-th-colspan}] [1000]: org.thymeleaf.standard.processor.StandardRemovableAttributeTagProcessor
[THYMELEAF]             * [* {th:list,data-th-list}] [1000]: org.thymeleaf.standard.processor.StandardRemovableAttributeTagProcessor
[THYMELEAF]             * [* {th:scope,data-th-scope}] [1000]: org.thymeleaf.standard.processor.StandardRemovableAttributeTagProcessor
[THYMELEAF]             * [* {th:content,data-th-content}] [1000]: org.thymeleaf.standard.processor.StandardRemovableAttributeTagProcessor
[THYMELEAF]             * [* {th:formenctype,data-th-formenctype}] [1000]: org.thymeleaf.standard.processor.StandardRemovableAttributeTagProcessor
[THYMELEAF]             * [* {th:archive,data-th-archive}] [1000]: org.thymeleaf.standard.processor.StandardRemovableAttributeTagProcessor
[THYMELEAF]             * [* {th:accesskey,data-th-accesskey}] [1000]: org.thymeleaf.standard.processor.StandardRemovableAttributeTagProcessor
[THYMELEAF]             * [* {th:maxlength,data-th-maxlength}] [1000]: org.thymeleaf.standard.processor.StandardRemovableAttributeTagProcessor
[THYMELEAF]             * [* {th:challenge,data-th-challenge}] [1000]: org.thymeleaf.standard.processor.StandardRemovableAttributeTagProcessor
[THYMELEAF]             * [* {th:background,data-th-background}] [1000]: org.thymeleaf.standard.processor.StandardRemovableAttributeTagProcessor
[THYMELEAF]             * [* {th:rules,data-th-rules}] [1000]: org.thymeleaf.standard.processor.StandardRemovableAttributeTagProcessor
[THYMELEAF]             * [* {th:frame,data-th-frame}] [1000]: org.thymeleaf.standard.processor.StandardRemovableAttributeTagProcessor
[THYMELEAF]             * [* {th:accept-charset,data-th-accept-charset}] [1000]: org.thymeleaf.standard.processor.StandardRemovableAttributeTagProcessor
[THYMELEAF]             * [* {th:id,data-th-id}] [1000]: org.thymeleaf.standard.processor.StandardRemovableAttributeTagProcessor
[THYMELEAF]             * [* {th:charset,data-th-charset}] [1000]: org.thymeleaf.standard.processor.StandardRemovableAttributeTagProcessor
[THYMELEAF]             * [* {th:placeholder,data-th-placeholder}] [1000]: org.thymeleaf.standard.processor.StandardRemovableAttributeTagProcessor
[THYMELEAF]             * [* {th:low,data-th-low}] [1000]: org.thymeleaf.standard.processor.StandardRemovableAttributeTagProcessor
[THYMELEAF]             * [* {th:alt,data-th-alt}] [1000]: org.thymeleaf.standard.processor.StandardRemovableAttributeTagProcessor
[THYMELEAF]             * [* {th:formtarget,data-th-formtarget}] [1000]: org.thymeleaf.standard.processor.StandardRemovableAttributeTagProcessor
[THYMELEAF]             * [* {th:src,data-th-src}] [1000]: org.thymeleaf.standard.processor.StandardSrcTagProcessor
[THYMELEAF]             * [* {th:value,data-th-value}] [1000]: org.thymeleaf.standard.processor.StandardValueTagProcessor
[THYMELEAF]             * [* {th:xmlbase,data-th-xmlbase}] [1000]: org.thymeleaf.standard.processor.StandardXmlBaseTagProcessor
[THYMELEAF]             * [* {th:xmllang,data-th-xmllang}] [1000]: org.thymeleaf.standard.processor.StandardXmlLangTagProcessor
[THYMELEAF]             * [* {xmlns:th}] [1000]: org.thymeleaf.standard.processor.StandardXmlNsTagProcessor
[THYMELEAF]             * [* {th:xmlspace,data-th-xmlspace}] [1000]: org.thymeleaf.standard.processor.StandardXmlSpaceTagProcessor
[THYMELEAF]             * [* {th:classappend,data-th-classappend}] [1100]: org.thymeleaf.standard.processor.StandardClassappendTagProcessor
[THYMELEAF]             * [* {th:styleappend,data-th-styleappend}] [1100]: org.thymeleaf.standard.processor.StandardStyleappendTagProcessor
[THYMELEAF]             * [* {th:text,data-th-text}] [1300]: org.thymeleaf.standard.processor.StandardTextTagProcessor
[THYMELEAF]             * [* {th:utext,data-th-utext}] [1400]: org.thymeleaf.standard.processor.StandardUtextTagProcessor
[THYMELEAF]             * [* {th:fragment,data-th-fragment}] [1500]: org.thymeleaf.standard.processor.StandardFragmentTagProcessor
[THYMELEAF]             * [* {th:assert,data-th-assert}] [1550]: org.thymeleaf.standard.processor.StandardAssertTagProcessor
[THYMELEAF]             * [* {th:remove,data-th-remove}] [1600]: org.thymeleaf.standard.processor.StandardRemoveTagProcessor
[THYMELEAF]             * [* {th:ref,data-th-ref}] [10000]: org.thymeleaf.standard.processor.StandardRefAttributeTagProcessor
[THYMELEAF]             * [{th:block,th-block} *] [100000]: org.thymeleaf.standard.processor.StandardBlockTagProcessor
[THYMELEAF]             * [* th:*] [2147483647]: org.thymeleaf.standard.processor.StandardDefaultAttributesTagProcessor
[THYMELEAF]         * Text Processors by [precedence]:
[THYMELEAF]             * [1000]: org.thymeleaf.standard.processor.StandardInliningTextProcessor
[THYMELEAF]         * DOCTYPE Processors by [precedence]:
[THYMELEAF]             * [1000]: org.thymeleaf.standard.processor.StandardTranslationDocTypeProcessor
[THYMELEAF]         * CDATA Section Processors by [precedence]:
[THYMELEAF]             * [1000]: org.thymeleaf.standard.processor.StandardInliningCDATASectionProcessor
[THYMELEAF]         * Comment Processors by [precedence]:
[THYMELEAF]             * [1000]: org.thymeleaf.standard.processor.StandardInliningCommentProcessor
[THYMELEAF]             * [1100]: org.thymeleaf.standard.processor.StandardConditionalCommentProcessor
[THYMELEAF]     * Processors for Template Mode: XML
[THYMELEAF]         * Element Tag Processors by [matching element and attribute name] [precedence]:
[THYMELEAF]             * [* {th:include}] [100]: org.thymeleaf.standard.processor.StandardIncludeTagProcessor
[THYMELEAF]             * [* {th:insert}] [100]: org.thymeleaf.standard.processor.StandardInsertTagProcessor
[THYMELEAF]             * [* {th:replace}] [100]: org.thymeleaf.standard.processor.StandardReplaceTagProcessor
[THYMELEAF]             * [* {th:each}] [200]: com.intuit.karate.template.KarateEachTagProcessor
[THYMELEAF]             * [* {th:switch}] [250]: org.thymeleaf.standard.processor.StandardSwitchTagProcessor
[THYMELEAF]             * [* {th:case}] [275]: org.thymeleaf.standard.processor.StandardCaseTagProcessor
[THYMELEAF]             * [* {th:if}] [300]: org.thymeleaf.standard.processor.StandardIfTagProcessor
[THYMELEAF]             * [* {th:unless}] [400]: org.thymeleaf.standard.processor.StandardUnlessTagProcessor
[THYMELEAF]             * [* {th:object}] [500]: org.thymeleaf.standard.processor.StandardObjectTagProcessor
[THYMELEAF]             * [* {th:with}] [600]: com.intuit.karate.template.KarateWithTagProcessor
[THYMELEAF]             * [* {th:attr}] [700]: com.intuit.karate.template.KarateAttributeTagProcessor.KarateAttrTagProcessor
[THYMELEAF]             * [* {th:attrappend}] [900]: com.intuit.karate.template.KarateAttributeTagProcessor.KarateAttrappendTagProcessor
[THYMELEAF]             * [* {th:attrprepend}] [900]: com.intuit.karate.template.KarateAttributeTagProcessor.KarateAttrprependTagProcessor
[THYMELEAF]             * [* {th:inline}] [1000]: org.thymeleaf.standard.processor.StandardInlineXMLTagProcessor
[THYMELEAF]             * [* {xmlns:th}] [1000]: org.thymeleaf.standard.processor.StandardXmlNsTagProcessor
[THYMELEAF]             * [* {th:text}] [1300]: org.thymeleaf.standard.processor.StandardTextTagProcessor
[THYMELEAF]             * [* {th:utext}] [1400]: org.thymeleaf.standard.processor.StandardUtextTagProcessor
[THYMELEAF]             * [* {th:fragment}] [1500]: org.thymeleaf.standard.processor.StandardFragmentTagProcessor
[THYMELEAF]             * [* {th:assert}] [1550]: org.thymeleaf.standard.processor.StandardAssertTagProcessor
[THYMELEAF]             * [* {th:remove}] [1600]: org.thymeleaf.standard.processor.StandardRemoveTagProcessor
[THYMELEAF]             * [* {th:ref}] [10000]: org.thymeleaf.standard.processor.StandardRefAttributeTagProcessor
[THYMELEAF]             * [{th:block} *] [100000]: org.thymeleaf.standard.processor.StandardBlockTagProcessor
[THYMELEAF]             * [* th:*] [2147483647]: org.thymeleaf.standard.processor.StandardDefaultAttributesTagProcessor
[THYMELEAF]         * Text Processors by [precedence]:
[THYMELEAF]             * [1000]: org.thymeleaf.standard.processor.StandardInliningTextProcessor
[THYMELEAF]         * CDATA Section Processors by [precedence]:
[THYMELEAF]             * [1000]: org.thymeleaf.standard.processor.StandardInliningCDATASectionProcessor
[THYMELEAF]         * Comment Processors by [precedence]:
[THYMELEAF]             * [1000]: org.thymeleaf.standard.processor.StandardInliningCommentProcessor
[THYMELEAF]     * Processors for Template Mode: TEXT
[THYMELEAF]         * Element Tag Processors by [matching element and attribute name] [precedence]:
[THYMELEAF]             * [* {th:insert}] [100]: org.thymeleaf.standard.processor.StandardInsertTagProcessor
[THYMELEAF]             * [* {th:replace}] [100]: org.thymeleaf.standard.processor.StandardReplaceTagProcessor
[THYMELEAF]             * [* {th:each}] [200]: com.intuit.karate.template.KarateEachTagProcessor
[THYMELEAF]             * [* {th:switch}] [250]: org.thymeleaf.standard.processor.StandardSwitchTagProcessor
[THYMELEAF]             * [* {th:case}] [275]: org.thymeleaf.standard.processor.StandardCaseTagProcessor
[THYMELEAF]             * [* {th:if}] [300]: org.thymeleaf.standard.processor.StandardIfTagProcessor
[THYMELEAF]             * [* {th:unless}] [400]: org.thymeleaf.standard.processor.StandardUnlessTagProcessor
[THYMELEAF]             * [* {th:object}] [500]: org.thymeleaf.standard.processor.StandardObjectTagProcessor
[THYMELEAF]             * [* {th:with}] [600]: com.intuit.karate.template.KarateWithTagProcessor
[THYMELEAF]             * [* {th:inline}] [1000]: org.thymeleaf.standard.processor.StandardInlineTextualTagProcessor
[THYMELEAF]             * [* {th:text}] [1300]: org.thymeleaf.standard.processor.StandardTextTagProcessor
[THYMELEAF]             * [* {th:utext}] [1400]: org.thymeleaf.standard.processor.StandardUtextTagProcessor
[THYMELEAF]             * [* {th:assert}] [1550]: org.thymeleaf.standard.processor.StandardAssertTagProcessor
[THYMELEAF]             * [* {th:remove}] [1600]: org.thymeleaf.standard.processor.StandardRemoveTagProcessor
[THYMELEAF]             * [* 100000] [org.thymeleaf.standard.processor.StandardBlockTagProcessor]: {}
[THYMELEAF]             * [{th:block} *] [100000]: org.thymeleaf.standard.processor.StandardBlockTagProcessor
[THYMELEAF]         * Text Processors by [precedence]:
[THYMELEAF]             * [1000]: org.thymeleaf.standard.processor.StandardInliningTextProcessor
[THYMELEAF]     * Processors for Template Mode: JAVASCRIPT
[THYMELEAF]         * Element Tag Processors by [matching element and attribute name] [precedence]:
[THYMELEAF]             * [* {th:insert}] [100]: org.thymeleaf.standard.processor.StandardInsertTagProcessor
[THYMELEAF]             * [* {th:replace}] [100]: org.thymeleaf.standard.processor.StandardReplaceTagProcessor
[THYMELEAF]             * [* {th:each}] [200]: com.intuit.karate.template.KarateEachTagProcessor
[THYMELEAF]             * [* {th:switch}] [250]: org.thymeleaf.standard.processor.StandardSwitchTagProcessor
[THYMELEAF]             * [* {th:case}] [275]: org.thymeleaf.standard.processor.StandardCaseTagProcessor
[THYMELEAF]             * [* {th:if}] [300]: org.thymeleaf.standard.processor.StandardIfTagProcessor
[THYMELEAF]             * [* {th:unless}] [400]: org.thymeleaf.standard.processor.StandardUnlessTagProcessor
[THYMELEAF]             * [* {th:object}] [500]: org.thymeleaf.standard.processor.StandardObjectTagProcessor
[THYMELEAF]             * [* {th:with}] [600]: com.intuit.karate.template.KarateWithTagProcessor
[THYMELEAF]             * [* {th:inline}] [1000]: org.thymeleaf.standard.processor.StandardInlineTextualTagProcessor
[THYMELEAF]             * [* {th:text}] [1300]: org.thymeleaf.standard.processor.StandardTextTagProcessor
[THYMELEAF]             * [* {th:utext}] [1400]: org.thymeleaf.standard.processor.StandardUtextTagProcessor
[THYMELEAF]             * [* {th:assert}] [1550]: org.thymeleaf.standard.processor.StandardAssertTagProcessor
[THYMELEAF]             * [* {th:remove}] [1600]: org.thymeleaf.standard.processor.StandardRemoveTagProcessor
[THYMELEAF]             * [* 100000] [org.thymeleaf.standard.processor.StandardBlockTagProcessor]: {}
[THYMELEAF]             * [{th:block} *] [100000]: org.thymeleaf.standard.processor.StandardBlockTagProcessor
[THYMELEAF]         * Text Processors by [precedence]:
[THYMELEAF]             * [1000]: org.thymeleaf.standard.processor.StandardInliningTextProcessor
[THYMELEAF]     * Processors for Template Mode: CSS
[THYMELEAF]         * Element Tag Processors by [matching element and attribute name] [precedence]:
[THYMELEAF]             * [* {th:insert}] [100]: org.thymeleaf.standard.processor.StandardInsertTagProcessor
[THYMELEAF]             * [* {th:replace}] [100]: org.thymeleaf.standard.processor.StandardReplaceTagProcessor
[THYMELEAF]             * [* {th:each}] [200]: com.intuit.karate.template.KarateEachTagProcessor
[THYMELEAF]             * [* {th:switch}] [250]: org.thymeleaf.standard.processor.StandardSwitchTagProcessor
[THYMELEAF]             * [* {th:case}] [275]: org.thymeleaf.standard.processor.StandardCaseTagProcessor
[THYMELEAF]             * [* {th:if}] [300]: org.thymeleaf.standard.processor.StandardIfTagProcessor
[THYMELEAF]             * [* {th:unless}] [400]: org.thymeleaf.standard.processor.StandardUnlessTagProcessor
[THYMELEAF]             * [* {th:object}] [500]: org.thymeleaf.standard.processor.StandardObjectTagProcessor
[THYMELEAF]             * [* {th:with}] [600]: com.intuit.karate.template.KarateWithTagProcessor
[THYMELEAF]             * [* {th:inline}] [1000]: org.thymeleaf.standard.processor.StandardInlineTextualTagProcessor
[THYMELEAF]             * [* {th:text}] [1300]: org.thymeleaf.standard.processor.StandardTextTagProcessor
[THYMELEAF]             * [* {th:utext}] [1400]: org.thymeleaf.standard.processor.StandardUtextTagProcessor
[THYMELEAF]             * [* {th:assert}] [1550]: org.thymeleaf.standard.processor.StandardAssertTagProcessor
[THYMELEAF]             * [* {th:remove}] [1600]: org.thymeleaf.standard.processor.StandardRemoveTagProcessor
[THYMELEAF]             * [{th:block} *] [100000]: org.thymeleaf.standard.processor.StandardBlockTagProcessor
[THYMELEAF]             * [* 100000] [org.thymeleaf.standard.processor.StandardBlockTagProcessor]: {}
[THYMELEAF]         * Text Processors by [precedence]:
[THYMELEAF]             * [1000]: org.thymeleaf.standard.processor.StandardInliningTextProcessor
[THYMELEAF]     * Expression Objects:
[THYMELEAF]         * #ctx
[THYMELEAF]         * #root
[THYMELEAF]         * #vars
[THYMELEAF]         * #object
[THYMELEAF]         * #locale
[THYMELEAF]         * #conversions
[THYMELEAF]         * #uris
[THYMELEAF]         * #temporals
[THYMELEAF]         * #calendars
[THYMELEAF]         * #dates
[THYMELEAF]         * #bools
[THYMELEAF]         * #numbers
[THYMELEAF]         * #objects
[THYMELEAF]         * #strings
[THYMELEAF]         * #arrays
[THYMELEAF]         * #lists
[THYMELEAF]         * #sets
[THYMELEAF]         * #maps
[THYMELEAF]         * #aggregates
[THYMELEAF]         * #messages
[THYMELEAF]         * #ids
[THYMELEAF]         * #execInfo
[THYMELEAF]         * #request
[THYMELEAF]         * #response
[THYMELEAF]         * #session
[THYMELEAF]         * #servletContext
[THYMELEAF]     * Execution Attributes:
[THYMELEAF]         * "StandardExpressionParser": com.intuit.karate.template.KarateStandardDialect@6ec3a4c2
[THYMELEAF]         * "StandardJavaScriptSerializer": org.thymeleaf.standard.serializer.StandardJavaScriptSerializer@5b23c1f6
[THYMELEAF]         * "StandardCSSSerializer": org.thymeleaf.standard.serializer.StandardCSSSerializer@3f4964f2
[THYMELEAF]         * "StandardVariableExpressionEvaluator": com.intuit.karate.template.KarateStandardDialect@6ec3a4c2
[THYMELEAF]         * "StandardConversionService": org.thymeleaf.standard.expression.StandardConversionService@3bf01a01
[THYMELEAF] * Dialect [2 of 2]: karate (com.intuit.karate.template.KarateScriptDialect)
[THYMELEAF]     * Prefix: "ka"
[THYMELEAF]     * Processors for Template Mode: HTML
[THYMELEAF]         * Element Tag Processors by [matching element and attribute name] [precedence]:
[THYMELEAF]             * [* {src}] [1000]: com.intuit.karate.template.KaScriptAttrProcessor
[THYMELEAF]         * Element Model Processors by [matching element and attribute name] [precedence]:
[THYMELEAF]             * [{script} {ka:scope,data-ka-scope}] [1000]: com.intuit.karate.template.KaScriptElemProcessor
[THYMELEAF]             * [* {ka:set,data-ka-set}] [1000]: com.intuit.karate.template.KaSetElemProcessor
[THYMELEAF] TEMPLATE ENGINE CONFIGURED OK
22:14:16.857 [main] DEBUG org.thymeleaf.TemplateEngine -- [THYMELEAF] TEMPLATE ENGINE INITIALIZED

HTML report: (paste into browser to view) | Karate version: 1.4.1
file:///C:/Users/ariel.morales/Documents/GitHub/Ejercicios-E2E-y-API/Ejercicio%20API/target/karate-reports/karate-summary.html
===================================================================

]]></system-out>
  </testcase>
</testsuite>